<?xml version="1.0" encoding="UTF-8"?>
<coverage generated="1769571031956" clover="3.2.0">
  <project timestamp="1769571031956" name="All files">
    <metrics statements="311" coveredstatements="208" conditionals="256" coveredconditionals="147" methods="86" coveredmethods="59" elements="653" coveredelements="414" complexity="0" loc="311" ncloc="311" packages="7" files="19" classes="19"/>
    <package name="components.incapacidades">
      <metrics statements="126" coveredstatements="90" conditionals="161" coveredconditionals="121" methods="32" coveredmethods="28"/>
      <file name="DocumentosViewer.tsx" path="/opt/apps/incapacidades_vs/frontend/sistema-interno/src/components/incapacidades/DocumentosViewer.tsx">
        <metrics statements="45" coveredstatements="37" conditionals="33" coveredconditionals="28" methods="12" coveredmethods="10"/>
        <line num="27" count="19" type="stmt"/>
        <line num="28" count="19" type="stmt"/>
        <line num="29" count="19" type="stmt"/>
        <line num="31" count="19" type="stmt"/>
        <line num="32" count="1" type="stmt"/>
        <line num="33" count="1" type="stmt"/>
        <line num="36" count="1" type="stmt"/>
        <line num="39" count="1" type="stmt"/>
        <line num="41" count="0" type="stmt"/>
        <line num="42" count="0" type="stmt"/>
        <line num="44" count="1" type="stmt"/>
        <line num="48" count="19" type="stmt"/>
        <line num="49" count="3" type="stmt"/>
        <line num="50" count="3" type="stmt"/>
        <line num="53" count="3" type="stmt"/>
        <line num="55" count="3" type="stmt"/>
        <line num="56" count="3" type="stmt"/>
        <line num="58" count="0" type="stmt"/>
        <line num="59" count="0" type="stmt"/>
        <line num="61" count="3" type="stmt"/>
        <line num="65" count="19" type="stmt"/>
        <line num="66" count="51" type="cond" truecount="2" falsecount="0"/>
        <line num="67" count="1" type="stmt"/>
        <line num="70" count="50" type="stmt"/>
        <line num="72" count="51" type="cond" truecount="2" falsecount="0"/>
        <line num="73" count="34" type="stmt"/>
        <line num="76" count="16" type="cond" truecount="2" falsecount="2"/>
        <line num="77" count="16" type="stmt"/>
        <line num="80" count="0" type="stmt"/>
        <line num="83" count="19" type="stmt"/>
        <line num="84" count="96" type="cond" truecount="2" falsecount="0"/>
        <line num="86" count="94" type="stmt"/>
        <line num="87" count="96" type="cond" truecount="3" falsecount="1"/>
        <line num="90" count="19" type="cond" truecount="2" falsecount="0"/>
        <line num="91" count="1" type="stmt"/>
        <line num="101" count="18" type="stmt"/>
        <line num="106" count="48" type="stmt"/>
        <line num="133" count="3" type="stmt"/>
        <line num="145" count="1" type="stmt"/>
        <line num="162" count="0" type="stmt"/>
        <line num="163" count="0" type="stmt"/>
        <line num="168" count="1" type="stmt"/>
        <line num="184" count="0" type="stmt"/>
        <line num="194" count="1" type="stmt"/>
        <line num="195" count="1" type="stmt"/>
      </file>
      <file name="GestionActions.tsx" path="/opt/apps/incapacidades_vs/frontend/sistema-interno/src/components/incapacidades/GestionActions.tsx">
        <metrics statements="17" coveredstatements="14" conditionals="52" coveredconditionals="48" methods="6" coveredmethods="5"/>
        <line num="13" count="2" type="stmt"/>
        <line num="30" count="34" type="stmt"/>
        <line num="37" count="34" type="stmt"/>
        <line num="41" count="34" type="stmt"/>
        <line num="42" count="3" type="cond" truecount="1" falsecount="1"/>
        <line num="45" count="3" type="cond" truecount="2" falsecount="0"/>
        <line num="46" count="3" type="cond" truecount="3" falsecount="1"/>
        <line num="47" count="0" type="stmt"/>
        <line num="50" count="3" type="stmt"/>
        <line num="56" count="34" type="stmt"/>
        <line num="57" count="0" type="stmt"/>
        <line num="58" count="0" type="stmt"/>
        <line num="61" count="34" type="cond" truecount="2" falsecount="0"/>
        <line num="63" count="34" type="stmt"/>
        <line num="83" count="3" type="stmt"/>
        <line num="102" count="2" type="stmt"/>
        <line num="121" count="1" type="stmt"/>
      </file>
      <file name="HistorialTimeline.tsx" path="/opt/apps/incapacidades_vs/frontend/sistema-interno/src/components/incapacidades/HistorialTimeline.tsx">
        <metrics statements="42" coveredstatements="31" conditionals="38" coveredconditionals="24" methods="10" coveredmethods="10"/>
        <line num="26" count="10" type="cond" truecount="2" falsecount="0"/>
        <line num="27" count="1" type="stmt"/>
        <line num="38" count="9" type="stmt"/>
        <line num="39" count="28" type="stmt"/>
        <line num="42" count="9" type="stmt"/>
        <line num="50" count="37" type="stmt"/>
        <line num="137" count="37" type="stmt"/>
        <line num="144" count="37" type="stmt"/>
        <line num="164" count="37" type="cond" truecount="4" falsecount="4"/>
        <line num="166" count="7" type="stmt"/>
        <line num="168" count="16" type="stmt"/>
        <line num="170" count="7" type="stmt"/>
        <line num="172" count="7" type="stmt"/>
        <line num="174" count="0" type="stmt"/>
        <line num="176" count="0" type="stmt"/>
        <line num="178" count="0" type="stmt"/>
        <line num="180" count="0" type="stmt"/>
        <line num="185" count="37" type="cond" truecount="4" falsecount="4"/>
        <line num="187" count="7" type="stmt"/>
        <line num="189" count="16" type="stmt"/>
        <line num="191" count="7" type="stmt"/>
        <line num="193" count="7" type="stmt"/>
        <line num="195" count="0" type="stmt"/>
        <line num="197" count="0" type="stmt"/>
        <line num="199" count="0" type="stmt"/>
        <line num="201" count="0" type="stmt"/>
        <line num="206" count="67" type="cond" truecount="4" falsecount="4"/>
        <line num="208" count="7" type="stmt"/>
        <line num="210" count="32" type="stmt"/>
        <line num="212" count="14" type="stmt"/>
        <line num="214" count="14" type="stmt"/>
        <line num="216" count="0" type="stmt"/>
        <line num="219" count="0" type="stmt"/>
        <line num="221" count="0" type="stmt"/>
        <line num="226" count="9" type="cond" truecount="1" falsecount="1"/>
        <line num="228" count="9" type="stmt"/>
        <line num="229" count="28" type="stmt"/>
        <line num="232" count="9" type="stmt"/>
        <line num="233" count="9" type="stmt"/>
        <line num="235" count="9" type="stmt"/>
        <line num="236" count="9" type="stmt"/>
        <line num="238" count="9" type="stmt"/>
      </file>
      <file name="IncapacidadDetalle.tsx" path="/opt/apps/incapacidades_vs/frontend/sistema-interno/src/components/incapacidades/IncapacidadDetalle.tsx">
        <metrics statements="22" coveredstatements="8" conditionals="38" coveredconditionals="21" methods="4" coveredmethods="3"/>
        <line num="16" count="15" type="stmt"/>
        <line num="274" count="15" type="cond" truecount="3" falsecount="5"/>
        <line num="276" count="0" type="stmt"/>
        <line num="278" count="11" type="stmt"/>
        <line num="280" count="0" type="stmt"/>
        <line num="282" count="3" type="stmt"/>
        <line num="284" count="0" type="stmt"/>
        <line num="287" count="1" type="stmt"/>
        <line num="289" count="0" type="stmt"/>
        <line num="294" count="15" type="cond" truecount="2" falsecount="3"/>
        <line num="296" count="0" type="stmt"/>
        <line num="298" count="4" type="stmt"/>
        <line num="300" count="11" type="stmt"/>
        <line num="302" count="0" type="stmt"/>
        <line num="304" count="0" type="stmt"/>
        <line num="309" count="0" type="cond" truecount="0" falsecount="7"/>
        <line num="311" count="0" type="stmt"/>
        <line num="313" count="0" type="stmt"/>
        <line num="315" count="0" type="stmt"/>
        <line num="317" count="0" type="stmt"/>
        <line num="320" count="0" type="stmt"/>
        <line num="322" count="0" type="stmt"/>
      </file>
    </package>
    <package name="components.ui">
      <metrics statements="52" coveredstatements="49" conditionals="3" coveredconditionals="2" methods="16" coveredmethods="13"/>
      <file name="alert.tsx" path="/opt/apps/incapacidades_vs/frontend/sistema-interno/src/components/ui/alert.tsx">
        <metrics statements="10" coveredstatements="9" conditionals="0" coveredconditionals="0" methods="3" coveredmethods="2"/>
        <line num="6" count="4" type="stmt"/>
        <line num="22" count="4" type="stmt"/>
        <line num="26" count="45" type="stmt"/>
        <line num="33" count="4" type="stmt"/>
        <line num="35" count="4" type="stmt"/>
        <line num="39" count="0" type="stmt"/>
        <line num="45" count="4" type="stmt"/>
        <line num="47" count="4" type="stmt"/>
        <line num="51" count="45" type="stmt"/>
        <line num="57" count="4" type="stmt"/>
      </file>
      <file name="badge.tsx" path="/opt/apps/incapacidades_vs/frontend/sistema-interno/src/components/ui/badge.tsx">
        <metrics statements="2" coveredstatements="2" conditionals="0" coveredconditionals="0" methods="1" coveredmethods="1"/>
        <line num="6" count="4" type="stmt"/>
        <line num="31" count="217" type="stmt"/>
      </file>
      <file name="button.tsx" path="/opt/apps/incapacidades_vs/frontend/sistema-interno/src/components/ui/button.tsx">
        <metrics statements="5" coveredstatements="5" conditionals="3" coveredconditionals="2" methods="1" coveredmethods="1"/>
        <line num="7" count="3" type="stmt"/>
        <line num="42" count="3" type="stmt"/>
        <line num="44" count="231" type="cond" truecount="1" falsecount="1"/>
        <line num="45" count="231" type="stmt"/>
        <line num="54" count="3" type="stmt"/>
      </file>
      <file name="card.tsx" path="/opt/apps/incapacidades_vs/frontend/sistema-interno/src/components/ui/card.tsx">
        <metrics statements="18" coveredstatements="16" conditionals="0" coveredconditionals="0" methods="6" coveredmethods="4"/>
        <line num="5" count="4" type="stmt"/>
        <line num="9" count="205" type="stmt"/>
        <line num="18" count="4" type="stmt"/>
        <line num="20" count="4" type="stmt"/>
        <line num="24" count="150" type="stmt"/>
        <line num="30" count="4" type="stmt"/>
        <line num="32" count="4" type="stmt"/>
        <line num="36" count="150" type="stmt"/>
        <line num="45" count="4" type="stmt"/>
        <line num="47" count="4" type="stmt"/>
        <line num="51" count="0" type="stmt"/>
        <line num="57" count="4" type="stmt"/>
        <line num="59" count="4" type="stmt"/>
        <line num="63" count="196" type="stmt"/>
        <line num="65" count="4" type="stmt"/>
        <line num="67" count="4" type="stmt"/>
        <line num="71" count="0" type="stmt"/>
        <line num="77" count="4" type="stmt"/>
      </file>
      <file name="label.tsx" path="/opt/apps/incapacidades_vs/frontend/sistema-interno/src/components/ui/label.tsx">
        <metrics statements="4" coveredstatements="4" conditionals="0" coveredconditionals="0" methods="1" coveredmethods="1"/>
        <line num="7" count="2" type="stmt"/>
        <line num="11" count="2" type="stmt"/>
        <line num="16" count="9" type="stmt"/>
        <line num="22" count="2" type="stmt"/>
      </file>
      <file name="tabs.tsx" path="/opt/apps/incapacidades_vs/frontend/sistema-interno/src/components/ui/tabs.tsx">
        <metrics statements="10" coveredstatements="10" conditionals="0" coveredconditionals="0" methods="3" coveredmethods="3"/>
        <line num="8" count="1" type="stmt"/>
        <line num="10" count="1" type="stmt"/>
        <line num="14" count="9" type="stmt"/>
        <line num="23" count="1" type="stmt"/>
        <line num="25" count="1" type="stmt"/>
        <line num="29" count="27" type="stmt"/>
        <line num="38" count="1" type="stmt"/>
        <line num="40" count="1" type="stmt"/>
        <line num="44" count="27" type="stmt"/>
        <line num="53" count="1" type="stmt"/>
      </file>
      <file name="textarea.tsx" path="/opt/apps/incapacidades_vs/frontend/sistema-interno/src/components/ui/textarea.tsx">
        <metrics statements="3" coveredstatements="3" conditionals="0" coveredconditionals="0" methods="1" coveredmethods="1"/>
        <line num="5" count="2" type="stmt"/>
        <line num="9" count="9" type="stmt"/>
        <line num="20" count="2" type="stmt"/>
      </file>
    </package>
    <package name="hooks">
      <metrics statements="51" coveredstatements="29" conditionals="20" coveredconditionals="2" methods="18" coveredmethods="8"/>
      <file name="use-toast.ts" path="/opt/apps/incapacidades_vs/frontend/sistema-interno/src/hooks/use-toast.ts">
        <metrics statements="51" coveredstatements="29" conditionals="20" coveredconditionals="2" methods="18" coveredmethods="8"/>
        <line num="11" count="1" type="stmt"/>
        <line num="12" count="1" type="stmt"/>
        <line num="21" count="1" type="stmt"/>
        <line num="28" count="1" type="stmt"/>
        <line num="31" count="1" type="stmt"/>
        <line num="32" count="1" type="stmt"/>
        <line num="59" count="1" type="stmt"/>
        <line num="61" count="1" type="stmt"/>
        <line num="62" count="0" type="cond" truecount="0" falsecount="2"/>
        <line num="63" count="0" type="stmt"/>
        <line num="66" count="0" type="stmt"/>
        <line num="67" count="0" type="stmt"/>
        <line num="68" count="0" type="stmt"/>
        <line num="74" count="0" type="stmt"/>
        <line num="77" count="1" type="stmt"/>
        <line num="78" count="1" type="cond" truecount="1" falsecount="3"/>
        <line num="80" count="1" type="stmt"/>
        <line num="86" count="0" type="stmt"/>
        <line num="89" count="0" type="cond" truecount="0" falsecount="2"/>
        <line num="94" count="0" type="stmt"/>
        <line num="98" count="0" type="cond" truecount="0" falsecount="2"/>
        <line num="99" count="0" type="stmt"/>
        <line num="101" count="0" type="stmt"/>
        <line num="102" count="0" type="stmt"/>
        <line num="106" count="0" type="stmt"/>
        <line num="109" count="0" type="cond" truecount="0" falsecount="4"/>
        <line num="119" count="0" type="cond" truecount="0" falsecount="2"/>
        <line num="120" count="0" type="stmt"/>
        <line num="125" count="0" type="stmt"/>
        <line num="127" count="0" type="stmt"/>
        <line num="132" count="1" type="stmt"/>
        <line num="134" count="1" type="stmt"/>
        <line num="137" count="1" type="stmt"/>
        <line num="138" count="1" type="stmt"/>
        <line num="139" count="1" type="stmt"/>
        <line num="146" count="1" type="stmt"/>
        <line num="148" count="1" type="stmt"/>
        <line num="149" count="0" type="stmt"/>
        <line num="153" count="1" type="stmt"/>
        <line num="155" count="1" type="stmt"/>
        <line num="162" count="0" type="cond" truecount="0" falsecount="2"/>
        <line num="167" count="1" type="stmt"/>
        <line num="175" count="18" type="stmt"/>
        <line num="177" count="18" type="stmt"/>
        <line num="178" count="9" type="stmt"/>
        <line num="179" count="9" type="stmt"/>
        <line num="180" count="9" type="stmt"/>
        <line num="181" count="9" type="cond" truecount="1" falsecount="1"/>
        <line num="182" count="9" type="stmt"/>
        <line num="187" count="18" type="stmt"/>
        <line num="190" count="0" type="stmt"/>
      </file>
    </package>
    <package name="lib">
      <metrics statements="1" coveredstatements="1" conditionals="0" coveredconditionals="0" methods="1" coveredmethods="1"/>
      <file name="utils.ts" path="/opt/apps/incapacidades_vs/frontend/sistema-interno/src/lib/utils.ts">
        <metrics statements="1" coveredstatements="1" conditionals="0" coveredconditionals="0" methods="1" coveredmethods="1"/>
        <line num="5" count="1320" type="stmt"/>
      </file>
    </package>
    <package name="pages.incapacidades">
      <metrics statements="36" coveredstatements="27" conditionals="30" coveredconditionals="17" methods="11" coveredmethods="7"/>
      <file name="GestionarPage.tsx" path="/opt/apps/incapacidades_vs/frontend/sistema-interno/src/pages/incapacidades/GestionarPage.tsx">
        <metrics statements="36" coveredstatements="27" conditionals="30" coveredconditionals="17" methods="11" coveredmethods="7"/>
        <line num="31" count="18" type="stmt"/>
        <line num="32" count="18" type="stmt"/>
        <line num="33" count="18" type="stmt"/>
        <line num="34" count="18" type="stmt"/>
        <line num="35" count="18" type="stmt"/>
        <line num="42" count="18" type="stmt"/>
        <line num="44" count="9" type="stmt"/>
        <line num="49" count="18" type="stmt"/>
        <line num="51" count="10" type="stmt"/>
        <line num="56" count="18" type="stmt"/>
        <line num="58" count="9" type="stmt"/>
        <line num="63" count="18" type="stmt"/>
        <line num="65" count="1" type="stmt"/>
        <line num="68" count="1" type="stmt"/>
        <line num="69" count="1" type="stmt"/>
        <line num="70" count="1" type="stmt"/>
        <line num="72" count="1" type="stmt"/>
        <line num="78" count="1" type="stmt"/>
        <line num="79" count="0" type="stmt"/>
        <line num="83" count="0" type="stmt"/>
        <line num="92" count="18" type="cond" truecount="2" falsecount="0"/>
        <line num="93" count="8" type="stmt"/>
        <line num="104" count="10" type="cond" truecount="4" falsecount="0"/>
        <line num="105" count="1" type="stmt"/>
        <line num="114" count="0" type="stmt"/>
        <line num="124" count="9" type="stmt"/>
        <line num="126" count="9" type="stmt"/>
        <line num="133" count="0" type="stmt"/>
        <line num="229" count="9" type="cond" truecount="2" falsecount="6"/>
        <line num="231" count="0" type="stmt"/>
        <line num="233" count="8" type="stmt"/>
        <line num="235" count="0" type="stmt"/>
        <line num="237" count="0" type="stmt"/>
        <line num="239" count="0" type="stmt"/>
        <line num="242" count="1" type="stmt"/>
        <line num="244" count="0" type="stmt"/>
      </file>
    </package>
    <package name="types">
      <metrics statements="7" coveredstatements="7" conditionals="0" coveredconditionals="0" methods="0" coveredmethods="0"/>
      <file name="auth.ts" path="/opt/apps/incapacidades_vs/frontend/sistema-interno/src/types/auth.ts">
        <metrics statements="0" coveredstatements="0" conditionals="0" coveredconditionals="0" methods="0" coveredmethods="0"/>
      </file>
      <file name="enums.ts" path="/opt/apps/incapacidades_vs/frontend/sistema-interno/src/types/enums.ts">
        <metrics statements="7" coveredstatements="7" conditionals="0" coveredconditionals="0" methods="0" coveredmethods="0"/>
        <line num="10" count="4" type="stmt"/>
        <line num="24" count="4" type="stmt"/>
        <line num="35" count="4" type="stmt"/>
        <line num="45" count="4" type="stmt"/>
        <line num="61" count="4" type="stmt"/>
        <line num="74" count="4" type="stmt"/>
        <line num="88" count="4" type="stmt"/>
      </file>
      <file name="incapacidad.ts" path="/opt/apps/incapacidades_vs/frontend/sistema-interno/src/types/incapacidad.ts">
        <metrics statements="0" coveredstatements="0" conditionals="0" coveredconditionals="0" methods="0" coveredmethods="0"/>
      </file>
      <file name="index.ts" path="/opt/apps/incapacidades_vs/frontend/sistema-interno/src/types/index.ts">
        <metrics statements="0" coveredstatements="0" conditionals="0" coveredconditionals="0" methods="0" coveredmethods="0"/>
      </file>
    </package>
    <package name="utils">
      <metrics statements="38" coveredstatements="5" conditionals="42" coveredconditionals="5" methods="8" coveredmethods="2"/>
      <file name="formatters.ts" path="/opt/apps/incapacidades_vs/frontend/sistema-interno/src/utils/formatters.ts">
        <metrics statements="38" coveredstatements="5" conditionals="42" coveredconditionals="5" methods="8" coveredmethods="2"/>
        <line num="9" count="145" type="cond" truecount="1" falsecount="1"/>
        <line num="11" count="145" type="cond" truecount="1" falsecount="1"/>
        <line num="13" count="145" type="stmt"/>
        <line num="24" count="0" type="cond" truecount="0" falsecount="2"/>
        <line num="26" count="0" type="cond" truecount="0" falsecount="2"/>
        <line num="28" count="0" type="stmt"/>
        <line num="41" count="15" type="cond" truecount="3" falsecount="1"/>
        <line num="43" count="15" type="stmt"/>
        <line num="55" count="0" type="cond" truecount="0" falsecount="4"/>
        <line num="57" count="0" type="stmt"/>
        <line num="64" count="0" type="cond" truecount="0" falsecount="2"/>
        <line num="66" count="0" type="stmt"/>
        <line num="67" count="0" type="stmt"/>
        <line num="68" count="0" type="stmt"/>
        <line num="70" count="0" type="stmt"/>
        <line num="77" count="0" type="stmt"/>
        <line num="84" count="0" type="cond" truecount="0" falsecount="2"/>
        <line num="86" count="0" type="cond" truecount="0" falsecount="2"/>
        <line num="87" count="0" type="stmt"/>
        <line num="88" count="0" type="stmt"/>
        <line num="89" count="0" type="stmt"/>
        <line num="91" count="0" type="cond" truecount="0" falsecount="2"/>
        <line num="92" count="0" type="cond" truecount="0" falsecount="2"/>
        <line num="93" count="0" type="cond" truecount="0" falsecount="2"/>
        <line num="94" count="0" type="cond" truecount="0" falsecount="2"/>
        <line num="95" count="0" type="stmt"/>
        <line num="96" count="0" type="cond" truecount="0" falsecount="2"/>
        <line num="98" count="0" type="cond" truecount="0" falsecount="2"/>
        <line num="99" count="0" type="stmt"/>
        <line num="100" count="0" type="cond" truecount="0" falsecount="2"/>
        <line num="102" count="0" type="stmt"/>
        <line num="103" count="0" type="cond" truecount="0" falsecount="2"/>
        <line num="110" count="0" type="cond" truecount="0" falsecount="2"/>
        <line num="112" count="0" type="cond" truecount="0" falsecount="2"/>
        <line num="113" count="0" type="stmt"/>
        <line num="114" count="0" type="stmt"/>
        <line num="115" count="0" type="stmt"/>
        <line num="117" count="0" type="stmt"/>
      </file>
    </package>
  </project>
</coverage>
