{"/opt/apps/incapacidades_vs/frontend/sistema-interno/src/components/incapacidades/DocumentosViewer.tsx": {"path":"/opt/apps/incapacidades_vs/frontend/sistema-interno/src/components/incapacidades/DocumentosViewer.tsx","statementMap":{"0":{"start":{"line":27,"column":38},"end":{"line":27,"column":null}},"1":{"start":{"line":28,"column":36},"end":{"line":28,"column":null}},"2":{"start":{"line":29,"column":34},"end":{"line":29,"column":null}},"3":{"start":{"line":31,"column":25},"end":{"line":46,"column":null}},"4":{"start":{"line":32,"column":4},"end":{"line":45,"column":null}},"5":{"start":{"line":33,"column":6},"end":{"line":33,"column":null}},"6":{"start":{"line":36,"column":18},"end":{"line":36,"column":null}},"7":{"start":{"line":39,"column":6},"end":{"line":39,"column":null}},"8":{"start":{"line":41,"column":6},"end":{"line":41,"column":null}},"9":{"start":{"line":42,"column":6},"end":{"line":42,"column":null}},"10":{"start":{"line":44,"column":6},"end":{"line":44,"column":null}},"11":{"start":{"line":48,"column":24},"end":{"line":63,"column":null}},"12":{"start":{"line":49,"column":4},"end":{"line":62,"column":null}},"13":{"start":{"line":50,"column":6},"end":{"line":50,"column":null}},"14":{"start":{"line":53,"column":18},"end":{"line":53,"column":null}},"15":{"start":{"line":55,"column":6},"end":{"line":55,"column":null}},"16":{"start":{"line":56,"column":6},"end":{"line":56,"column":null}},"17":{"start":{"line":58,"column":6},"end":{"line":58,"column":null}},"18":{"start":{"line":59,"column":6},"end":{"line":59,"column":null}},"19":{"start":{"line":61,"column":6},"end":{"line":61,"column":null}},"20":{"start":{"line":65,"column":22},"end":{"line":81,"column":null}},"21":{"start":{"line":66,"column":4},"end":{"line":68,"column":null}},"22":{"start":{"line":67,"column":6},"end":{"line":67,"column":null}},"23":{"start":{"line":70,"column":16},"end":{"line":70,"column":null}},"24":{"start":{"line":72,"column":4},"end":{"line":74,"column":null}},"25":{"start":{"line":73,"column":6},"end":{"line":73,"column":null}},"26":{"start":{"line":76,"column":4},"end":{"line":78,"column":null}},"27":{"start":{"line":77,"column":6},"end":{"line":77,"column":null}},"28":{"start":{"line":80,"column":4},"end":{"line":80,"column":null}},"29":{"start":{"line":83,"column":21},"end":{"line":88,"column":null}},"30":{"start":{"line":84,"column":4},"end":{"line":84,"column":null}},"31":{"start":{"line":84,"column":19},"end":{"line":84,"column":null}},"32":{"start":{"line":86,"column":16},"end":{"line":86,"column":null}},"33":{"start":{"line":87,"column":4},"end":{"line":87,"column":null}},"34":{"start":{"line":90,"column":2},"end":{"line":99,"column":null}},"35":{"start":{"line":91,"column":4},"end":{"line":97,"column":null}},"36":{"start":{"line":101,"column":2},"end":{"line":222,"column":null}},"37":{"start":{"line":106,"column":10},"end":{"line":153,"column":null}},"38":{"start":{"line":133,"column":35},"end":{"line":133,"column":null}},"39":{"start":{"line":145,"column":33},"end":{"line":145,"column":null}},"40":{"start":{"line":162,"column":12},"end":{"line":162,"column":null}},"41":{"start":{"line":163,"column":12},"end":{"line":163,"column":null}},"42":{"start":{"line":168,"column":28},"end":{"line":168,"column":null}},"43":{"start":{"line":184,"column":33},"end":{"line":184,"column":null}},"44":{"start":{"line":194,"column":20},"end":{"line":194,"column":null}},"45":{"start":{"line":195,"column":20},"end":{"line":195,"column":null}}},"fnMap":{"0":{"name":"DocumentosViewer","decl":{"start":{"line":26,"column":16},"end":{"line":26,"column":33}},"loc":{"start":{"line":26,"column":72},"end":{"line":224,"column":null}},"line":26},"1":{"name":"(anonymous_1)","decl":{"start":{"line":31,"column":25},"end":{"line":31,"column":32}},"loc":{"start":{"line":31,"column":57},"end":{"line":46,"column":null}},"line":31},"2":{"name":"(anonymous_2)","decl":{"start":{"line":48,"column":24},"end":{"line":48,"column":31}},"loc":{"start":{"line":48,"column":56},"end":{"line":63,"column":null}},"line":48},"3":{"name":"(anonymous_3)","decl":{"start":{"line":65,"column":22},"end":{"line":65,"column":23}},"loc":{"start":{"line":65,"column":56},"end":{"line":81,"column":null}},"line":65},"4":{"name":"(anonymous_4)","decl":{"start":{"line":83,"column":21},"end":{"line":83,"column":22}},"loc":{"start":{"line":83,"column":55},"end":{"line":88,"column":null}},"line":83},"5":{"name":"(anonymous_5)","decl":{"start":{"line":105,"column":24},"end":{"line":105,"column":25}},"loc":{"start":{"line":106,"column":10},"end":{"line":153,"column":null}},"line":106},"6":{"name":"(anonymous_6)","decl":{"start":{"line":133,"column":29},"end":{"line":133,"column":35}},"loc":{"start":{"line":133,"column":35},"end":{"line":133,"column":null}},"line":133},"7":{"name":"(anonymous_7)","decl":{"start":{"line":145,"column":27},"end":{"line":145,"column":33}},"loc":{"start":{"line":145,"column":33},"end":{"line":145,"column":null}},"line":145},"8":{"name":"(anonymous_8)","decl":{"start":{"line":161,"column":19},"end":{"line":161,"column":25}},"loc":{"start":{"line":161,"column":25},"end":{"line":164,"column":null}},"line":161},"9":{"name":"(anonymous_9)","decl":{"start":{"line":168,"column":21},"end":{"line":168,"column":22}},"loc":{"start":{"line":168,"column":28},"end":{"line":168,"column":null}},"line":168},"10":{"name":"(anonymous_10)","decl":{"start":{"line":184,"column":27},"end":{"line":184,"column":33}},"loc":{"start":{"line":184,"column":33},"end":{"line":184,"column":null}},"line":184},"11":{"name":"(anonymous_11)","decl":{"start":{"line":193,"column":27},"end":{"line":193,"column":33}},"loc":{"start":{"line":193,"column":33},"end":{"line":196,"column":null}},"line":193}},"branchMap":{"0":{"loc":{"start":{"line":66,"column":4},"end":{"line":68,"column":null}},"type":"if","locations":[{"start":{"line":66,"column":4},"end":{"line":68,"column":null}},{"start":{},"end":{}}],"line":66},"1":{"loc":{"start":{"line":72,"column":4},"end":{"line":74,"column":null}},"type":"if","locations":[{"start":{"line":72,"column":4},"end":{"line":74,"column":null}},{"start":{},"end":{}}],"line":72},"2":{"loc":{"start":{"line":76,"column":4},"end":{"line":78,"column":null}},"type":"if","locations":[{"start":{"line":76,"column":4},"end":{"line":78,"column":null}},{"start":{},"end":{}}],"line":76},"3":{"loc":{"start":{"line":76,"column":55},"end":{"line":76,"column":64}},"type":"binary-expr","locations":[{"start":{"line":76,"column":55},"end":{"line":76,"column":62}},{"start":{"line":76,"column":62},"end":{"line":76,"column":64}}],"line":76},"4":{"loc":{"start":{"line":84,"column":4},"end":{"line":84,"column":null}},"type":"if","locations":[{"start":{"line":84,"column":4},"end":{"line":84,"column":null}},{"start":{},"end":{}}],"line":84},"5":{"loc":{"start":{"line":87,"column":11},"end":{"line":87,"column":null}},"type":"binary-expr","locations":[{"start":{"line":87,"column":11},"end":{"line":87,"column":28}},{"start":{"line":87,"column":28},"end":{"line":87,"column":null}}],"line":87},"6":{"loc":{"start":{"line":87,"column":75},"end":{"line":87,"column":84}},"type":"binary-expr","locations":[{"start":{"line":87,"column":75},"end":{"line":87,"column":82}},{"start":{"line":87,"column":82},"end":{"line":87,"column":84}}],"line":87},"7":{"loc":{"start":{"line":90,"column":2},"end":{"line":99,"column":null}},"type":"if","locations":[{"start":{"line":90,"column":2},"end":{"line":99,"column":null}},{"start":{},"end":{}}],"line":90},"8":{"loc":{"start":{"line":113,"column":23},"end":{"line":113,"column":null}},"type":"binary-expr","locations":[{"start":{"line":113,"column":23},"end":{"line":113,"column":52}},{"start":{"line":113,"column":52},"end":{"line":113,"column":null}}],"line":113},"9":{"loc":{"start":{"line":128,"column":17},"end":{"line":138,"column":null}},"type":"binary-expr","locations":[{"start":{"line":128,"column":17},"end":{"line":128,"column":null}},{"start":{"line":129,"column":18},"end":{"line":138,"column":null}}],"line":128},"10":{"loc":{"start":{"line":144,"column":29},"end":{"line":144,"column":null}},"type":"cond-expr","locations":[{"start":{"line":144,"column":69},"end":{"line":144,"column":80}},{"start":{"line":144,"column":80},"end":{"line":144,"column":null}}],"line":144},"11":{"loc":{"start":{"line":149,"column":19},"end":{"line":149,"column":null}},"type":"cond-expr","locations":[{"start":{"line":149,"column":51},"end":{"line":149,"column":70}},{"start":{"line":149,"column":70},"end":{"line":149,"column":null}}],"line":149},"12":{"loc":{"start":{"line":158,"column":7},"end":{"line":220,"column":null}},"type":"binary-expr","locations":[{"start":{"line":158,"column":7},"end":{"line":158,"column":22}},{"start":{"line":158,"column":22},"end":{"line":158,"column":null}},{"start":{"line":159,"column":8},"end":{"line":220,"column":null}}],"line":158},"13":{"loc":{"start":{"line":175,"column":49},"end":{"line":175,"column":93}},"type":"binary-expr","locations":[{"start":{"line":175,"column":49},"end":{"line":175,"column":80}},{"start":{"line":175,"column":80},"end":{"line":175,"column":93}}],"line":175},"14":{"loc":{"start":{"line":205,"column":15},"end":{"line":216,"column":null}},"type":"cond-expr","locations":[{"start":{"line":206,"column":16},"end":{"line":210,"column":null}},{"start":{"line":212,"column":16},"end":{"line":216,"column":null}}],"line":205},"15":{"loc":{"start":{"line":214,"column":23},"end":{"line":214,"column":null}},"type":"binary-expr","locations":[{"start":{"line":214,"column":23},"end":{"line":214,"column":54}},{"start":{"line":214,"column":54},"end":{"line":214,"column":null}}],"line":214}},"s":{"0":19,"1":19,"2":19,"3":19,"4":1,"5":1,"6":1,"7":1,"8":0,"9":0,"10":1,"11":19,"12":3,"13":3,"14":3,"15":3,"16":3,"17":0,"18":0,"19":3,"20":19,"21":51,"22":1,"23":50,"24":51,"25":34,"26":16,"27":16,"28":0,"29":19,"30":96,"31":2,"32":94,"33":96,"34":19,"35":1,"36":18,"37":48,"38":3,"39":1,"40":0,"41":0,"42":1,"43":0,"44":1,"45":1},"f":{"0":19,"1":1,"2":3,"3":51,"4":96,"5":48,"6":3,"7":1,"8":0,"9":1,"10":0,"11":1},"b":{"0":[1,50],"1":[34,17],"2":[16,0],"3":[16,0],"4":[2,94],"5":[96,30],"6":[30,0],"7":[1,18],"8":[48,1],"9":[48,47],"10":[47,1],"11":[4,44],"12":[18,3,3],"13":[3,0],"14":[2,1],"15":[1,0]},"meta":{"lastBranch":16,"lastFunction":12,"lastStatement":46,"seen":{"f:26:16:26:33":0,"s:27:38:27:Infinity":0,"s:28:36:28:Infinity":1,"s:29:34:29:Infinity":2,"s:31:25:46:Infinity":3,"f:31:25:31:32":1,"s:32:4:45:Infinity":4,"s:33:6:33:Infinity":5,"s:36:18:36:Infinity":6,"s:39:6:39:Infinity":7,"s:41:6:41:Infinity":8,"s:42:6:42:Infinity":9,"s:44:6:44:Infinity":10,"s:48:24:63:Infinity":11,"f:48:24:48:31":2,"s:49:4:62:Infinity":12,"s:50:6:50:Infinity":13,"s:53:18:53:Infinity":14,"s:55:6:55:Infinity":15,"s:56:6:56:Infinity":16,"s:58:6:58:Infinity":17,"s:59:6:59:Infinity":18,"s:61:6:61:Infinity":19,"s:65:22:81:Infinity":20,"f:65:22:65:23":3,"b:66:4:68:Infinity:undefined:undefined:undefined:undefined":0,"s:66:4:68:Infinity":21,"s:67:6:67:Infinity":22,"s:70:16:70:Infinity":23,"b:72:4:74:Infinity:undefined:undefined:undefined:undefined":1,"s:72:4:74:Infinity":24,"s:73:6:73:Infinity":25,"b:76:4:78:Infinity:undefined:undefined:undefined:undefined":2,"s:76:4:78:Infinity":26,"b:76:55:76:62:76:62:76:64":3,"s:77:6:77:Infinity":27,"s:80:4:80:Infinity":28,"s:83:21:88:Infinity":29,"f:83:21:83:22":4,"b:84:4:84:Infinity:undefined:undefined:undefined:undefined":4,"s:84:4:84:Infinity":30,"s:84:19:84:Infinity":31,"s:86:16:86:Infinity":32,"s:87:4:87:Infinity":33,"b:87:11:87:28:87:28:87:Infinity":5,"b:87:75:87:82:87:82:87:84":6,"b:90:2:99:Infinity:undefined:undefined:undefined:undefined":7,"s:90:2:99:Infinity":34,"s:91:4:97:Infinity":35,"s:101:2:222:Infinity":36,"f:105:24:105:25":5,"s:106:10:153:Infinity":37,"b:113:23:113:52:113:52:113:Infinity":8,"b:128:17:128:Infinity:129:18:138:Infinity":9,"f:133:29:133:35":6,"s:133:35:133:Infinity":38,"b:144:69:144:80:144:80:144:Infinity":10,"f:145:27:145:33":7,"s:145:33:145:Infinity":39,"b:149:51:149:70:149:70:149:Infinity":11,"b:158:7:158:22:158:22:158:Infinity:159:8:220:Infinity":12,"f:161:19:161:25":8,"s:162:12:162:Infinity":40,"s:163:12:163:Infinity":41,"f:168:21:168:22":9,"s:168:28:168:Infinity":42,"b:175:49:175:80:175:80:175:93":13,"f:184:27:184:33":10,"s:184:33:184:Infinity":43,"f:193:27:193:33":11,"s:194:20:194:Infinity":44,"s:195:20:195:Infinity":45,"b:206:16:210:Infinity:212:16:216:Infinity":14,"b:214:23:214:54:214:54:214:Infinity":15}}}
,"/opt/apps/incapacidades_vs/frontend/sistema-interno/src/components/incapacidades/GestionActions.tsx": {"path":"/opt/apps/incapacidades_vs/frontend/sistema-interno/src/components/incapacidades/GestionActions.tsx","statementMap":{"0":{"start":{"line":13,"column":22},"end":{"line":15,"column":null}},"1":{"start":{"line":30,"column":42},"end":{"line":30,"column":null}},"2":{"start":{"line":37,"column":2},"end":{"line":39,"column":null}},"3":{"start":{"line":41,"column":19},"end":{"line":54,"column":null}},"4":{"start":{"line":42,"column":4},"end":{"line":42,"column":null}},"5":{"start":{"line":42,"column":25},"end":{"line":42,"column":null}},"6":{"start":{"line":45,"column":29},"end":{"line":45,"column":null}},"7":{"start":{"line":46,"column":4},"end":{"line":48,"column":null}},"8":{"start":{"line":47,"column":6},"end":{"line":47,"column":null}},"9":{"start":{"line":50,"column":4},"end":{"line":53,"column":null}},"10":{"start":{"line":56,"column":29},"end":{"line":59,"column":null}},"11":{"start":{"line":57,"column":4},"end":{"line":57,"column":null}},"12":{"start":{"line":58,"column":4},"end":{"line":58,"column":null}},"13":{"start":{"line":61,"column":27},"end":{"line":61,"column":null}},"14":{"start":{"line":63,"column":2},"end":{"line":201,"column":null}},"15":{"start":{"line":83,"column":25},"end":{"line":83,"column":null}},"16":{"start":{"line":102,"column":25},"end":{"line":102,"column":null}},"17":{"start":{"line":121,"column":25},"end":{"line":121,"column":null}}},"fnMap":{"0":{"name":"GestionActions","decl":{"start":{"line":29,"column":16},"end":{"line":29,"column":31}},"loc":{"start":{"line":29,"column":90},"end":{"line":203,"column":null}},"line":29},"1":{"name":"(anonymous_1)","decl":{"start":{"line":41,"column":19},"end":{"line":41,"column":20}},"loc":{"start":{"line":41,"column":46},"end":{"line":54,"column":null}},"line":41},"2":{"name":"(anonymous_2)","decl":{"start":{"line":56,"column":29},"end":{"line":56,"column":35}},"loc":{"start":{"line":56,"column":35},"end":{"line":59,"column":null}},"line":56},"3":{"name":"(anonymous_3)","decl":{"start":{"line":83,"column":19},"end":{"line":83,"column":25}},"loc":{"start":{"line":83,"column":25},"end":{"line":83,"column":null}},"line":83},"4":{"name":"(anonymous_4)","decl":{"start":{"line":102,"column":19},"end":{"line":102,"column":25}},"loc":{"start":{"line":102,"column":25},"end":{"line":102,"column":null}},"line":102},"5":{"name":"(anonymous_5)","decl":{"start":{"line":121,"column":19},"end":{"line":121,"column":25}},"loc":{"start":{"line":121,"column":25},"end":{"line":121,"column":null}},"line":121}},"branchMap":{"0":{"loc":{"start":{"line":42,"column":4},"end":{"line":42,"column":null}},"type":"if","locations":[{"start":{"line":42,"column":4},"end":{"line":42,"column":null}},{"start":{},"end":{}}],"line":42},"1":{"loc":{"start":{"line":45,"column":29},"end":{"line":45,"column":null}},"type":"binary-expr","locations":[{"start":{"line":45,"column":29},"end":{"line":45,"column":63}},{"start":{"line":45,"column":63},"end":{"line":45,"column":null}}],"line":45},"2":{"loc":{"start":{"line":46,"column":4},"end":{"line":48,"column":null}},"type":"if","locations":[{"start":{"line":46,"column":4},"end":{"line":48,"column":null}},{"start":{},"end":{}}],"line":46},"3":{"loc":{"start":{"line":46,"column":8},"end":{"line":46,"column":55}},"type":"binary-expr","locations":[{"start":{"line":46,"column":8},"end":{"line":46,"column":28}},{"start":{"line":46,"column":28},"end":{"line":46,"column":55}}],"line":46},"4":{"loc":{"start":{"line":61,"column":27},"end":{"line":61,"column":null}},"type":"binary-expr","locations":[{"start":{"line":61,"column":27},"end":{"line":61,"column":61}},{"start":{"line":61,"column":61},"end":{"line":61,"column":null}}],"line":61},"5":{"loc":{"start":{"line":79,"column":19},"end":{"line":79,"column":null}},"type":"cond-expr","locations":[{"start":{"line":79,"column":51},"end":{"line":79,"column":63}},{"start":{"line":79,"column":63},"end":{"line":79,"column":null}}],"line":79},"6":{"loc":{"start":{"line":81,"column":12},"end":{"line":81,"column":null}},"type":"cond-expr","locations":[{"start":{"line":81,"column":44},"end":{"line":81,"column":80}},{"start":{"line":81,"column":80},"end":{"line":81,"column":null}}],"line":81},"7":{"loc":{"start":{"line":98,"column":19},"end":{"line":98,"column":null}},"type":"cond-expr","locations":[{"start":{"line":98,"column":52},"end":{"line":98,"column":64}},{"start":{"line":98,"column":64},"end":{"line":98,"column":null}}],"line":98},"8":{"loc":{"start":{"line":100,"column":12},"end":{"line":100,"column":null}},"type":"cond-expr","locations":[{"start":{"line":100,"column":45},"end":{"line":100,"column":82}},{"start":{"line":100,"column":82},"end":{"line":100,"column":null}}],"line":100},"9":{"loc":{"start":{"line":117,"column":19},"end":{"line":117,"column":null}},"type":"cond-expr","locations":[{"start":{"line":117,"column":52},"end":{"line":117,"column":68}},{"start":{"line":117,"column":68},"end":{"line":117,"column":null}}],"line":117},"10":{"loc":{"start":{"line":119,"column":12},"end":{"line":119,"column":null}},"type":"cond-expr","locations":[{"start":{"line":119,"column":45},"end":{"line":119,"column":79}},{"start":{"line":119,"column":79},"end":{"line":119,"column":null}}],"line":119},"11":{"loc":{"start":{"line":135,"column":7},"end":{"line":187,"column":null}},"type":"binary-expr","locations":[{"start":{"line":135,"column":7},"end":{"line":135,"column":null}},{"start":{"line":136,"column":8},"end":{"line":187,"column":null}}],"line":135},"12":{"loc":{"start":{"line":139,"column":29},"end":{"line":139,"column":null}},"type":"binary-expr","locations":[{"start":{"line":139,"column":29},"end":{"line":139,"column":49}},{"start":{"line":139,"column":49},"end":{"line":139,"column":null}}],"line":139},"13":{"loc":{"start":{"line":142,"column":15},"end":{"line":142,"column":null}},"type":"binary-expr","locations":[{"start":{"line":142,"column":15},"end":{"line":142,"column":48}},{"start":{"line":142,"column":48},"end":{"line":142,"column":null}}],"line":142},"14":{"loc":{"start":{"line":143,"column":15},"end":{"line":143,"column":null}},"type":"binary-expr","locations":[{"start":{"line":143,"column":15},"end":{"line":143,"column":49}},{"start":{"line":143,"column":49},"end":{"line":143,"column":null}}],"line":143},"15":{"loc":{"start":{"line":144,"column":15},"end":{"line":144,"column":null}},"type":"binary-expr","locations":[{"start":{"line":144,"column":15},"end":{"line":144,"column":49}},{"start":{"line":144,"column":49},"end":{"line":144,"column":null}}],"line":144},"16":{"loc":{"start":{"line":149,"column":26},"end":{"line":149,"column":null}},"type":"cond-expr","locations":[{"start":{"line":149,"column":45},"end":{"line":149,"column":75}},{"start":{"line":149,"column":75},"end":{"line":149,"column":null}}],"line":149},"17":{"loc":{"start":{"line":150,"column":27},"end":{"line":153,"column":null}},"type":"cond-expr","locations":[{"start":{"line":150,"column":46},"end":{"line":153,"column":20}},{"start":{"line":153,"column":20},"end":{"line":153,"column":null}}],"line":150},"18":{"loc":{"start":{"line":160,"column":13},"end":{"line":161,"column":null}},"type":"binary-expr","locations":[{"start":{"line":160,"column":13},"end":{"line":160,"column":null}},{"start":{"line":161,"column":14},"end":{"line":161,"column":null}}],"line":160},"19":{"loc":{"start":{"line":179,"column":16},"end":{"line":181,"column":null}},"type":"cond-expr","locations":[{"start":{"line":179,"column":48},"end":{"line":179,"column":null}},{"start":{"line":180,"column":16},"end":{"line":181,"column":null}}],"line":179},"20":{"loc":{"start":{"line":180,"column":16},"end":{"line":181,"column":null}},"type":"cond-expr","locations":[{"start":{"line":180,"column":49},"end":{"line":180,"column":null}},{"start":{"line":181,"column":16},"end":{"line":181,"column":null}}],"line":180},"21":{"loc":{"start":{"line":184,"column":15},"end":{"line":184,"column":null}},"type":"cond-expr","locations":[{"start":{"line":184,"column":27},"end":{"line":184,"column":45}},{"start":{"line":184,"column":45},"end":{"line":184,"column":null}}],"line":184},"22":{"loc":{"start":{"line":191,"column":7},"end":{"line":199,"column":null}},"type":"binary-expr","locations":[{"start":{"line":191,"column":7},"end":{"line":191,"column":null}},{"start":{"line":192,"column":8},"end":{"line":199,"column":null}}],"line":191},"23":{"loc":{"start":{"line":195,"column":13},"end":{"line":195,"column":null}},"type":"binary-expr","locations":[{"start":{"line":195,"column":13},"end":{"line":195,"column":46}},{"start":{"line":195,"column":46},"end":{"line":195,"column":null}}],"line":195},"24":{"loc":{"start":{"line":196,"column":13},"end":{"line":196,"column":null}},"type":"binary-expr","locations":[{"start":{"line":196,"column":13},"end":{"line":196,"column":47}},{"start":{"line":196,"column":47},"end":{"line":196,"column":null}}],"line":196},"25":{"loc":{"start":{"line":197,"column":13},"end":{"line":197,"column":null}},"type":"binary-expr","locations":[{"start":{"line":197,"column":13},"end":{"line":197,"column":47}},{"start":{"line":197,"column":47},"end":{"line":197,"column":null}}],"line":197}},"s":{"0":2,"1":34,"2":34,"3":34,"4":3,"5":0,"6":3,"7":3,"8":0,"9":3,"10":34,"11":0,"12":0,"13":34,"14":34,"15":3,"16":2,"17":1},"f":{"0":34,"1":3,"2":0,"3":3,"4":2,"5":1},"b":{"0":[0,3],"1":[3,3],"2":[0,3],"3":[3,1],"4":[34,33],"5":[5,29],"6":[5,29],"7":[3,31],"8":[3,31],"9":[1,33],"10":[1,33],"11":[34,9],"12":[9,4],"13":[9,5],"14":[9,3],"15":[9,1],"16":[4,5],"17":[4,5],"18":[9,0],"19":[5,4],"20":[3,1],"21":[0,9],"22":[34,9],"23":[9,5],"24":[9,3],"25":[9,1]},"meta":{"lastBranch":26,"lastFunction":6,"lastStatement":18,"seen":{"s:13:22:15:Infinity":0,"f:29:16:29:31":0,"s:30:42:30:Infinity":1,"s:37:2:39:Infinity":2,"s:41:19:54:Infinity":3,"f:41:19:41:20":1,"b:42:4:42:Infinity:undefined:undefined:undefined:undefined":0,"s:42:4:42:Infinity":4,"s:42:25:42:Infinity":5,"s:45:29:45:Infinity":6,"b:45:29:45:63:45:63:45:Infinity":1,"b:46:4:48:Infinity:undefined:undefined:undefined:undefined":2,"s:46:4:48:Infinity":7,"b:46:8:46:28:46:28:46:55":3,"s:47:6:47:Infinity":8,"s:50:4:53:Infinity":9,"s:56:29:59:Infinity":10,"f:56:29:56:35":2,"s:57:4:57:Infinity":11,"s:58:4:58:Infinity":12,"s:61:27:61:Infinity":13,"b:61:27:61:61:61:61:61:Infinity":4,"s:63:2:201:Infinity":14,"b:79:51:79:63:79:63:79:Infinity":5,"b:81:44:81:80:81:80:81:Infinity":6,"f:83:19:83:25":3,"s:83:25:83:Infinity":15,"b:98:52:98:64:98:64:98:Infinity":7,"b:100:45:100:82:100:82:100:Infinity":8,"f:102:19:102:25":4,"s:102:25:102:Infinity":16,"b:117:52:117:68:117:68:117:Infinity":9,"b:119:45:119:79:119:79:119:Infinity":10,"f:121:19:121:25":5,"s:121:25:121:Infinity":17,"b:135:7:135:Infinity:136:8:187:Infinity":11,"b:139:29:139:49:139:49:139:Infinity":12,"b:142:15:142:48:142:48:142:Infinity":13,"b:143:15:143:49:143:49:143:Infinity":14,"b:144:15:144:49:144:49:144:Infinity":15,"b:149:45:149:75:149:75:149:Infinity":16,"b:150:46:153:20:153:20:153:Infinity":17,"b:160:13:160:Infinity:161:14:161:Infinity":18,"b:179:48:179:Infinity:180:16:181:Infinity":19,"b:180:49:180:Infinity:181:16:181:Infinity":20,"b:184:27:184:45:184:45:184:Infinity":21,"b:191:7:191:Infinity:192:8:199:Infinity":22,"b:195:13:195:46:195:46:195:Infinity":23,"b:196:13:196:47:196:47:196:Infinity":24,"b:197:13:197:47:197:47:197:Infinity":25}}}
,"/opt/apps/incapacidades_vs/frontend/sistema-interno/src/components/incapacidades/HistorialTimeline.tsx": {"path":"/opt/apps/incapacidades_vs/frontend/sistema-interno/src/components/incapacidades/HistorialTimeline.tsx","statementMap":{"0":{"start":{"line":26,"column":2},"end":{"line":35,"column":null}},"1":{"start":{"line":27,"column":4},"end":{"line":33,"column":null}},"2":{"start":{"line":38,"column":26},"end":{"line":40,"column":null}},"3":{"start":{"line":39,"column":14},"end":{"line":39,"column":null}},"4":{"start":{"line":42,"column":2},"end":{"line":158,"column":null}},"5":{"start":{"line":50,"column":10},"end":{"line":122,"column":null}},"6":{"start":{"line":137,"column":41},"end":{"line":137,"column":55}},"7":{"start":{"line":144,"column":41},"end":{"line":144,"column":54}},"8":{"start":{"line":164,"column":2},"end":{"line":181,"column":null}},"9":{"start":{"line":166,"column":6},"end":{"line":166,"column":null}},"10":{"start":{"line":168,"column":6},"end":{"line":168,"column":null}},"11":{"start":{"line":170,"column":6},"end":{"line":170,"column":null}},"12":{"start":{"line":172,"column":6},"end":{"line":172,"column":null}},"13":{"start":{"line":174,"column":6},"end":{"line":174,"column":null}},"14":{"start":{"line":176,"column":6},"end":{"line":176,"column":null}},"15":{"start":{"line":178,"column":6},"end":{"line":178,"column":null}},"16":{"start":{"line":180,"column":6},"end":{"line":180,"column":null}},"17":{"start":{"line":185,"column":2},"end":{"line":202,"column":null}},"18":{"start":{"line":187,"column":6},"end":{"line":187,"column":null}},"19":{"start":{"line":189,"column":6},"end":{"line":189,"column":null}},"20":{"start":{"line":191,"column":6},"end":{"line":191,"column":null}},"21":{"start":{"line":193,"column":6},"end":{"line":193,"column":null}},"22":{"start":{"line":195,"column":6},"end":{"line":195,"column":null}},"23":{"start":{"line":197,"column":6},"end":{"line":197,"column":null}},"24":{"start":{"line":199,"column":6},"end":{"line":199,"column":null}},"25":{"start":{"line":201,"column":6},"end":{"line":201,"column":null}},"26":{"start":{"line":206,"column":2},"end":{"line":222,"column":null}},"27":{"start":{"line":208,"column":6},"end":{"line":208,"column":null}},"28":{"start":{"line":210,"column":6},"end":{"line":210,"column":null}},"29":{"start":{"line":212,"column":6},"end":{"line":212,"column":null}},"30":{"start":{"line":214,"column":6},"end":{"line":214,"column":null}},"31":{"start":{"line":216,"column":6},"end":{"line":216,"column":null}},"32":{"start":{"line":219,"column":6},"end":{"line":219,"column":null}},"33":{"start":{"line":221,"column":6},"end":{"line":221,"column":null}},"34":{"start":{"line":226,"column":2},"end":{"line":226,"column":null}},"35":{"start":{"line":226,"column":30},"end":{"line":226,"column":null}},"36":{"start":{"line":228,"column":17},"end":{"line":230,"column":null}},"37":{"start":{"line":229,"column":14},"end":{"line":229,"column":null}},"38":{"start":{"line":232,"column":20},"end":{"line":232,"column":null}},"39":{"start":{"line":233,"column":19},"end":{"line":233,"column":null}},"40":{"start":{"line":235,"column":19},"end":{"line":235,"column":null}},"41":{"start":{"line":236,"column":19},"end":{"line":236,"column":null}},"42":{"start":{"line":238,"column":2},"end":{"line":238,"column":null}}},"fnMap":{"0":{"name":"HistorialTimeline","decl":{"start":{"line":25,"column":16},"end":{"line":25,"column":34}},"loc":{"start":{"line":25,"column":73},"end":{"line":160,"column":null}},"line":25},"1":{"name":"(anonymous_1)","decl":{"start":{"line":39,"column":4},"end":{"line":39,"column":5}},"loc":{"start":{"line":39,"column":14},"end":{"line":39,"column":null}},"line":39},"2":{"name":"(anonymous_2)","decl":{"start":{"line":49,"column":29},"end":{"line":49,"column":30}},"loc":{"start":{"line":50,"column":10},"end":{"line":122,"column":null}},"line":50},"3":{"name":"(anonymous_3)","decl":{"start":{"line":137,"column":34},"end":{"line":137,"column":35}},"loc":{"start":{"line":137,"column":41},"end":{"line":137,"column":55}},"line":137},"4":{"name":"(anonymous_4)","decl":{"start":{"line":144,"column":34},"end":{"line":144,"column":35}},"loc":{"start":{"line":144,"column":41},"end":{"line":144,"column":54}},"line":144},"5":{"name":"getEstadoIcon","decl":{"start":{"line":163,"column":9},"end":{"line":163,"column":23}},"loc":{"start":{"line":163,"column":39},"end":{"line":182,"column":null}},"line":163},"6":{"name":"getEstadoBackground","decl":{"start":{"line":184,"column":9},"end":{"line":184,"column":29}},"loc":{"start":{"line":184,"column":53},"end":{"line":203,"column":null}},"line":184},"7":{"name":"getEstadoBadgeVariant","decl":{"start":{"line":205,"column":9},"end":{"line":205,"column":31}},"loc":{"start":{"line":205,"column":100},"end":{"line":223,"column":null}},"line":205},"8":{"name":"calculateDaysInProcess","decl":{"start":{"line":225,"column":9},"end":{"line":225,"column":32}},"loc":{"start":{"line":225,"column":70},"end":{"line":239,"column":null}},"line":225},"9":{"name":"(anonymous_9)","decl":{"start":{"line":229,"column":4},"end":{"line":229,"column":5}},"loc":{"start":{"line":229,"column":14},"end":{"line":229,"column":null}},"line":229}},"branchMap":{"0":{"loc":{"start":{"line":26,"column":2},"end":{"line":35,"column":null}},"type":"if","locations":[{"start":{"line":26,"column":2},"end":{"line":35,"column":null}},{"start":{},"end":{}}],"line":26},"1":{"loc":{"start":{"line":75,"column":25},"end":{"line":78,"column":null}},"type":"binary-expr","locations":[{"start":{"line":75,"column":25},"end":{"line":75,"column":null}},{"start":{"line":76,"column":26},"end":{"line":78,"column":null}}],"line":75},"2":{"loc":{"start":{"line":89,"column":19},"end":{"line":98,"column":null}},"type":"binary-expr","locations":[{"start":{"line":89,"column":19},"end":{"line":89,"column":null}},{"start":{"line":90,"column":20},"end":{"line":98,"column":null}}],"line":89},"3":{"loc":{"start":{"line":102,"column":19},"end":{"line":107,"column":null}},"type":"binary-expr","locations":[{"start":{"line":102,"column":19},"end":{"line":102,"column":null}},{"start":{"line":103,"column":20},"end":{"line":107,"column":null}}],"line":102},"4":{"loc":{"start":{"line":105,"column":25},"end":{"line":105,"column":null}},"type":"binary-expr","locations":[{"start":{"line":105,"column":25},"end":{"line":105,"column":53}},{"start":{"line":105,"column":53},"end":{"line":105,"column":null}}],"line":105},"5":{"loc":{"start":{"line":111,"column":19},"end":{"line":117,"column":null}},"type":"binary-expr","locations":[{"start":{"line":111,"column":19},"end":{"line":111,"column":null}},{"start":{"line":112,"column":20},"end":{"line":117,"column":null}}],"line":111},"6":{"loc":{"start":{"line":164,"column":2},"end":{"line":181,"column":null}},"type":"switch","locations":[{"start":{"line":165,"column":4},"end":{"line":166,"column":null}},{"start":{"line":167,"column":4},"end":{"line":168,"column":null}},{"start":{"line":169,"column":4},"end":{"line":170,"column":null}},{"start":{"line":171,"column":4},"end":{"line":172,"column":null}},{"start":{"line":173,"column":4},"end":{"line":174,"column":null}},{"start":{"line":175,"column":4},"end":{"line":176,"column":null}},{"start":{"line":177,"column":4},"end":{"line":178,"column":null}},{"start":{"line":179,"column":4},"end":{"line":180,"column":null}}],"line":164},"7":{"loc":{"start":{"line":185,"column":2},"end":{"line":202,"column":null}},"type":"switch","locations":[{"start":{"line":186,"column":4},"end":{"line":187,"column":null}},{"start":{"line":188,"column":4},"end":{"line":189,"column":null}},{"start":{"line":190,"column":4},"end":{"line":191,"column":null}},{"start":{"line":192,"column":4},"end":{"line":193,"column":null}},{"start":{"line":194,"column":4},"end":{"line":195,"column":null}},{"start":{"line":196,"column":4},"end":{"line":197,"column":null}},{"start":{"line":198,"column":4},"end":{"line":199,"column":null}},{"start":{"line":200,"column":4},"end":{"line":201,"column":null}}],"line":185},"8":{"loc":{"start":{"line":206,"column":2},"end":{"line":222,"column":null}},"type":"switch","locations":[{"start":{"line":207,"column":4},"end":{"line":208,"column":null}},{"start":{"line":209,"column":4},"end":{"line":210,"column":null}},{"start":{"line":211,"column":4},"end":{"line":212,"column":null}},{"start":{"line":213,"column":4},"end":{"line":214,"column":null}},{"start":{"line":215,"column":4},"end":{"line":216,"column":null}},{"start":{"line":217,"column":4},"end":{"line":217,"column":null}},{"start":{"line":218,"column":4},"end":{"line":219,"column":null}},{"start":{"line":220,"column":4},"end":{"line":221,"column":null}}],"line":206},"9":{"loc":{"start":{"line":226,"column":2},"end":{"line":226,"column":null}},"type":"if","locations":[{"start":{"line":226,"column":2},"end":{"line":226,"column":null}},{"start":{},"end":{}}],"line":226}},"s":{"0":10,"1":1,"2":9,"3":28,"4":9,"5":37,"6":37,"7":37,"8":37,"9":7,"10":16,"11":7,"12":7,"13":0,"14":0,"15":0,"16":0,"17":37,"18":7,"19":16,"20":7,"21":7,"22":0,"23":0,"24":0,"25":0,"26":67,"27":7,"28":32,"29":14,"30":14,"31":0,"32":0,"33":0,"34":9,"35":0,"36":9,"37":28,"38":9,"39":9,"40":9,"41":9,"42":9},"f":{"0":10,"1":28,"2":37,"3":37,"4":37,"5":37,"6":37,"7":67,"8":9,"9":28},"b":{"0":[1,9],"1":[37,9],"2":[37,30],"3":[37,37],"4":[37,0],"5":[37,36],"6":[7,16,7,7,0,0,0,0],"7":[7,16,7,7,0,0,0,0],"8":[7,32,14,14,0,0,0,0],"9":[0,9]},"meta":{"lastBranch":10,"lastFunction":10,"lastStatement":43,"seen":{"f:25:16:25:34":0,"b:26:2:35:Infinity:undefined:undefined:undefined:undefined":0,"s:26:2:35:Infinity":0,"s:27:4:33:Infinity":1,"s:38:26:40:Infinity":2,"f:39:4:39:5":1,"s:39:14:39:Infinity":3,"s:42:2:158:Infinity":4,"f:49:29:49:30":2,"s:50:10:122:Infinity":5,"b:75:25:75:Infinity:76:26:78:Infinity":1,"b:89:19:89:Infinity:90:20:98:Infinity":2,"b:102:19:102:Infinity:103:20:107:Infinity":3,"b:105:25:105:53:105:53:105:Infinity":4,"b:111:19:111:Infinity:112:20:117:Infinity":5,"f:137:34:137:35":3,"s:137:41:137:55":6,"f:144:34:144:35":4,"s:144:41:144:54":7,"f:163:9:163:23":5,"b:165:4:166:Infinity:167:4:168:Infinity:169:4:170:Infinity:171:4:172:Infinity:173:4:174:Infinity:175:4:176:Infinity:177:4:178:Infinity:179:4:180:Infinity":6,"s:164:2:181:Infinity":8,"s:166:6:166:Infinity":9,"s:168:6:168:Infinity":10,"s:170:6:170:Infinity":11,"s:172:6:172:Infinity":12,"s:174:6:174:Infinity":13,"s:176:6:176:Infinity":14,"s:178:6:178:Infinity":15,"s:180:6:180:Infinity":16,"f:184:9:184:29":6,"b:186:4:187:Infinity:188:4:189:Infinity:190:4:191:Infinity:192:4:193:Infinity:194:4:195:Infinity:196:4:197:Infinity:198:4:199:Infinity:200:4:201:Infinity":7,"s:185:2:202:Infinity":17,"s:187:6:187:Infinity":18,"s:189:6:189:Infinity":19,"s:191:6:191:Infinity":20,"s:193:6:193:Infinity":21,"s:195:6:195:Infinity":22,"s:197:6:197:Infinity":23,"s:199:6:199:Infinity":24,"s:201:6:201:Infinity":25,"f:205:9:205:31":7,"b:207:4:208:Infinity:209:4:210:Infinity:211:4:212:Infinity:213:4:214:Infinity:215:4:216:Infinity:217:4:217:Infinity:218:4:219:Infinity:220:4:221:Infinity":8,"s:206:2:222:Infinity":26,"s:208:6:208:Infinity":27,"s:210:6:210:Infinity":28,"s:212:6:212:Infinity":29,"s:214:6:214:Infinity":30,"s:216:6:216:Infinity":31,"s:219:6:219:Infinity":32,"s:221:6:221:Infinity":33,"f:225:9:225:32":8,"b:226:2:226:Infinity:undefined:undefined:undefined:undefined":9,"s:226:2:226:Infinity":34,"s:226:30:226:Infinity":35,"s:228:17:230:Infinity":36,"f:229:4:229:5":9,"s:229:14:229:Infinity":37,"s:232:20:232:Infinity":38,"s:233:19:233:Infinity":39,"s:235:19:235:Infinity":40,"s:236:19:236:Infinity":41,"s:238:2:238:Infinity":42}}}
,"/opt/apps/incapacidades_vs/frontend/sistema-interno/src/components/incapacidades/IncapacidadDetalle.tsx": {"path":"/opt/apps/incapacidades_vs/frontend/sistema-interno/src/components/incapacidades/IncapacidadDetalle.tsx","statementMap":{"0":{"start":{"line":16,"column":2},"end":{"line":268,"column":null}},"1":{"start":{"line":274,"column":2},"end":{"line":290,"column":null}},"2":{"start":{"line":276,"column":6},"end":{"line":276,"column":null}},"3":{"start":{"line":278,"column":6},"end":{"line":278,"column":null}},"4":{"start":{"line":280,"column":6},"end":{"line":280,"column":null}},"5":{"start":{"line":282,"column":6},"end":{"line":282,"column":null}},"6":{"start":{"line":284,"column":6},"end":{"line":284,"column":null}},"7":{"start":{"line":287,"column":6},"end":{"line":287,"column":null}},"8":{"start":{"line":289,"column":6},"end":{"line":289,"column":null}},"9":{"start":{"line":294,"column":2},"end":{"line":305,"column":null}},"10":{"start":{"line":296,"column":6},"end":{"line":296,"column":null}},"11":{"start":{"line":298,"column":6},"end":{"line":298,"column":null}},"12":{"start":{"line":300,"column":6},"end":{"line":300,"column":null}},"13":{"start":{"line":302,"column":6},"end":{"line":302,"column":null}},"14":{"start":{"line":304,"column":6},"end":{"line":304,"column":null}},"15":{"start":{"line":309,"column":2},"end":{"line":323,"column":null}},"16":{"start":{"line":311,"column":6},"end":{"line":311,"column":null}},"17":{"start":{"line":313,"column":6},"end":{"line":313,"column":null}},"18":{"start":{"line":315,"column":6},"end":{"line":315,"column":null}},"19":{"start":{"line":317,"column":6},"end":{"line":317,"column":null}},"20":{"start":{"line":320,"column":6},"end":{"line":320,"column":null}},"21":{"start":{"line":322,"column":6},"end":{"line":322,"column":null}}},"fnMap":{"0":{"name":"IncapacidadDetalle","decl":{"start":{"line":15,"column":16},"end":{"line":15,"column":35}},"loc":{"start":{"line":15,"column":77},"end":{"line":270,"column":null}},"line":15},"1":{"name":"getEstadoBadgeVariant","decl":{"start":{"line":273,"column":9},"end":{"line":273,"column":31}},"loc":{"start":{"line":273,"column":100},"end":{"line":291,"column":null}},"line":273},"2":{"name":"getPrioridadBadgeVariant","decl":{"start":{"line":293,"column":9},"end":{"line":293,"column":34}},"loc":{"start":{"line":293,"column":106},"end":{"line":306,"column":null}},"line":293},"3":{"name":"getEstadoPagoBadgeVariant","decl":{"start":{"line":308,"column":9},"end":{"line":308,"column":35}},"loc":{"start":{"line":308,"column":104},"end":{"line":324,"column":null}},"line":308}},"branchMap":{"0":{"loc":{"start":{"line":36,"column":32},"end":{"line":36,"column":null}},"type":"cond-expr","locations":[{"start":{"line":36,"column":61},"end":{"line":36,"column":73}},{"start":{"line":36,"column":73},"end":{"line":36,"column":null}}],"line":36},"1":{"loc":{"start":{"line":61,"column":11},"end":{"line":67,"column":null}},"type":"binary-expr","locations":[{"start":{"line":61,"column":11},"end":{"line":61,"column":null}},{"start":{"line":62,"column":12},"end":{"line":67,"column":null}}],"line":61},"2":{"loc":{"start":{"line":77,"column":13},"end":{"line":77,"column":null}},"type":"cond-expr","locations":[{"start":{"line":77,"column":42},"end":{"line":77,"column":55}},{"start":{"line":77,"column":55},"end":{"line":77,"column":null}}],"line":77},"3":{"loc":{"start":{"line":81,"column":11},"end":{"line":116,"column":null}},"type":"binary-expr","locations":[{"start":{"line":81,"column":11},"end":{"line":81,"column":null}},{"start":{"line":82,"column":12},"end":{"line":116,"column":null}}],"line":81},"4":{"loc":{"start":{"line":103,"column":15},"end":{"line":107,"column":null}},"type":"binary-expr","locations":[{"start":{"line":103,"column":15},"end":{"line":103,"column":null}},{"start":{"line":104,"column":16},"end":{"line":107,"column":null}}],"line":103},"5":{"loc":{"start":{"line":110,"column":15},"end":{"line":114,"column":null}},"type":"binary-expr","locations":[{"start":{"line":110,"column":15},"end":{"line":110,"column":null}},{"start":{"line":111,"column":16},"end":{"line":114,"column":null}}],"line":110},"6":{"loc":{"start":{"line":119,"column":11},"end":{"line":140,"column":null}},"type":"binary-expr","locations":[{"start":{"line":119,"column":11},"end":{"line":119,"column":null}},{"start":{"line":120,"column":12},"end":{"line":140,"column":null}}],"line":119},"7":{"loc":{"start":{"line":146,"column":7},"end":{"line":170,"column":null}},"type":"binary-expr","locations":[{"start":{"line":146,"column":7},"end":{"line":146,"column":null}},{"start":{"line":147,"column":8},"end":{"line":170,"column":null}}],"line":146},"8":{"loc":{"start":{"line":237,"column":11},"end":{"line":245,"column":null}},"type":"binary-expr","locations":[{"start":{"line":237,"column":11},"end":{"line":237,"column":null}},{"start":{"line":238,"column":12},"end":{"line":245,"column":null}}],"line":237},"9":{"loc":{"start":{"line":274,"column":2},"end":{"line":290,"column":null}},"type":"switch","locations":[{"start":{"line":275,"column":4},"end":{"line":276,"column":null}},{"start":{"line":277,"column":4},"end":{"line":278,"column":null}},{"start":{"line":279,"column":4},"end":{"line":280,"column":null}},{"start":{"line":281,"column":4},"end":{"line":282,"column":null}},{"start":{"line":283,"column":4},"end":{"line":284,"column":null}},{"start":{"line":285,"column":4},"end":{"line":285,"column":null}},{"start":{"line":286,"column":4},"end":{"line":287,"column":null}},{"start":{"line":288,"column":4},"end":{"line":289,"column":null}}],"line":274},"10":{"loc":{"start":{"line":294,"column":2},"end":{"line":305,"column":null}},"type":"switch","locations":[{"start":{"line":295,"column":4},"end":{"line":296,"column":null}},{"start":{"line":297,"column":4},"end":{"line":298,"column":null}},{"start":{"line":299,"column":4},"end":{"line":300,"column":null}},{"start":{"line":301,"column":4},"end":{"line":302,"column":null}},{"start":{"line":303,"column":4},"end":{"line":304,"column":null}}],"line":294},"11":{"loc":{"start":{"line":309,"column":2},"end":{"line":323,"column":null}},"type":"switch","locations":[{"start":{"line":310,"column":4},"end":{"line":311,"column":null}},{"start":{"line":312,"column":4},"end":{"line":313,"column":null}},{"start":{"line":314,"column":4},"end":{"line":315,"column":null}},{"start":{"line":316,"column":4},"end":{"line":317,"column":null}},{"start":{"line":318,"column":4},"end":{"line":318,"column":null}},{"start":{"line":319,"column":4},"end":{"line":320,"column":null}},{"start":{"line":321,"column":4},"end":{"line":322,"column":null}}],"line":309}},"s":{"0":15,"1":15,"2":0,"3":11,"4":0,"5":3,"6":0,"7":1,"8":0,"9":15,"10":0,"11":4,"12":11,"13":0,"14":0,"15":0,"16":0,"17":0,"18":0,"19":0,"20":0,"21":0},"f":{"0":15,"1":15,"2":15,"3":0},"b":{"0":[12,3],"1":[15,4],"2":[12,3],"3":[15,12],"4":[12,0],"5":[12,12],"6":[15,3],"7":[15,12],"8":[15,0],"9":[0,11,0,3,0,0,1,0],"10":[0,4,11,0,0],"11":[0,0,0,0,0,0,0]},"meta":{"lastBranch":12,"lastFunction":4,"lastStatement":22,"seen":{"f:15:16:15:35":0,"s:16:2:268:Infinity":0,"b:36:61:36:73:36:73:36:Infinity":0,"b:61:11:61:Infinity:62:12:67:Infinity":1,"b:77:42:77:55:77:55:77:Infinity":2,"b:81:11:81:Infinity:82:12:116:Infinity":3,"b:103:15:103:Infinity:104:16:107:Infinity":4,"b:110:15:110:Infinity:111:16:114:Infinity":5,"b:119:11:119:Infinity:120:12:140:Infinity":6,"b:146:7:146:Infinity:147:8:170:Infinity":7,"b:237:11:237:Infinity:238:12:245:Infinity":8,"f:273:9:273:31":1,"b:275:4:276:Infinity:277:4:278:Infinity:279:4:280:Infinity:281:4:282:Infinity:283:4:284:Infinity:285:4:285:Infinity:286:4:287:Infinity:288:4:289:Infinity":9,"s:274:2:290:Infinity":1,"s:276:6:276:Infinity":2,"s:278:6:278:Infinity":3,"s:280:6:280:Infinity":4,"s:282:6:282:Infinity":5,"s:284:6:284:Infinity":6,"s:287:6:287:Infinity":7,"s:289:6:289:Infinity":8,"f:293:9:293:34":2,"b:295:4:296:Infinity:297:4:298:Infinity:299:4:300:Infinity:301:4:302:Infinity:303:4:304:Infinity":10,"s:294:2:305:Infinity":9,"s:296:6:296:Infinity":10,"s:298:6:298:Infinity":11,"s:300:6:300:Infinity":12,"s:302:6:302:Infinity":13,"s:304:6:304:Infinity":14,"f:308:9:308:35":3,"b:310:4:311:Infinity:312:4:313:Infinity:314:4:315:Infinity:316:4:317:Infinity:318:4:318:Infinity:319:4:320:Infinity:321:4:322:Infinity":11,"s:309:2:323:Infinity":15,"s:311:6:311:Infinity":16,"s:313:6:313:Infinity":17,"s:315:6:315:Infinity":18,"s:317:6:317:Infinity":19,"s:320:6:320:Infinity":20,"s:322:6:322:Infinity":21}}}
,"/opt/apps/incapacidades_vs/frontend/sistema-interno/src/components/ui/alert.tsx": {"path":"/opt/apps/incapacidades_vs/frontend/sistema-interno/src/components/ui/alert.tsx","statementMap":{"0":{"start":{"line":6,"column":6},"end":{"line":20,"column":null}},"1":{"start":{"line":22,"column":14},"end":{"line":32,"column":null}},"2":{"start":{"line":26,"column":2},"end":{"line":31,"column":null}},"3":{"start":{"line":33,"column":0},"end":{"line":33,"column":null}},"4":{"start":{"line":35,"column":19},"end":{"line":44,"column":null}},"5":{"start":{"line":39,"column":2},"end":{"line":43,"column":null}},"6":{"start":{"line":45,"column":0},"end":{"line":45,"column":null}},"7":{"start":{"line":47,"column":25},"end":{"line":56,"column":null}},"8":{"start":{"line":51,"column":2},"end":{"line":55,"column":null}},"9":{"start":{"line":57,"column":0},"end":{"line":57,"column":null}}},"fnMap":{"0":{"name":"(anonymous_0)","decl":{"start":{"line":25,"column":2},"end":{"line":25,"column":3}},"loc":{"start":{"line":26,"column":2},"end":{"line":31,"column":null}},"line":26},"1":{"name":"(anonymous_1)","decl":{"start":{"line":38,"column":2},"end":{"line":38,"column":3}},"loc":{"start":{"line":39,"column":2},"end":{"line":43,"column":null}},"line":39},"2":{"name":"(anonymous_2)","decl":{"start":{"line":50,"column":2},"end":{"line":50,"column":3}},"loc":{"start":{"line":51,"column":2},"end":{"line":55,"column":null}},"line":51}},"branchMap":{},"s":{"0":4,"1":4,"2":45,"3":4,"4":4,"5":0,"6":4,"7":4,"8":45,"9":4},"f":{"0":45,"1":0,"2":45},"b":{},"meta":{"lastBranch":0,"lastFunction":3,"lastStatement":10,"seen":{"s:6:6:20:Infinity":0,"s:22:14:32:Infinity":1,"f:25:2:25:3":0,"s:26:2:31:Infinity":2,"s:33:0:33:Infinity":3,"s:35:19:44:Infinity":4,"f:38:2:38:3":1,"s:39:2:43:Infinity":5,"s:45:0:45:Infinity":6,"s:47:25:56:Infinity":7,"f:50:2:50:3":2,"s:51:2:55:Infinity":8,"s:57:0:57:Infinity":9}}}
,"/opt/apps/incapacidades_vs/frontend/sistema-interno/src/components/ui/badge.tsx": {"path":"/opt/apps/incapacidades_vs/frontend/sistema-interno/src/components/ui/badge.tsx","statementMap":{"0":{"start":{"line":6,"column":6},"end":{"line":24,"column":null}},"1":{"start":{"line":31,"column":2},"end":{"line":32,"column":null}}},"fnMap":{"0":{"name":"Badge","decl":{"start":{"line":30,"column":9},"end":{"line":30,"column":15}},"loc":{"start":{"line":30,"column":61},"end":{"line":34,"column":null}},"line":30}},"branchMap":{},"s":{"0":4,"1":217},"f":{"0":217},"b":{},"meta":{"lastBranch":0,"lastFunction":1,"lastStatement":2,"seen":{"s:6:6:24:Infinity":0,"f:30:9:30:15":0,"s:31:2:32:Infinity":1}}}
,"/opt/apps/incapacidades_vs/frontend/sistema-interno/src/components/ui/button.tsx": {"path":"/opt/apps/incapacidades_vs/frontend/sistema-interno/src/components/ui/button.tsx","statementMap":{"0":{"start":{"line":7,"column":6},"end":{"line":34,"column":null}},"1":{"start":{"line":42,"column":15},"end":{"line":53,"column":null}},"2":{"start":{"line":44,"column":17},"end":{"line":44,"column":null}},"3":{"start":{"line":45,"column":4},"end":{"line":50,"column":null}},"4":{"start":{"line":54,"column":0},"end":{"line":54,"column":null}}},"fnMap":{"0":{"name":"(anonymous_0)","decl":{"start":{"line":43,"column":2},"end":{"line":43,"column":3}},"loc":{"start":{"line":43,"column":68},"end":{"line":52,"column":null}},"line":43}},"branchMap":{"0":{"loc":{"start":{"line":43,"column":31},"end":{"line":43,"column":48}},"type":"default-arg","locations":[{"start":{"line":43,"column":41},"end":{"line":43,"column":48}}],"line":43},"1":{"loc":{"start":{"line":44,"column":17},"end":{"line":44,"column":null}},"type":"cond-expr","locations":[{"start":{"line":44,"column":27},"end":{"line":44,"column":34}},{"start":{"line":44,"column":34},"end":{"line":44,"column":null}}],"line":44}},"s":{"0":3,"1":3,"2":231,"3":231,"4":3},"f":{"0":231},"b":{"0":[231],"1":[0,231]},"meta":{"lastBranch":2,"lastFunction":1,"lastStatement":5,"seen":{"s:7:6:34:Infinity":0,"s:42:15:53:Infinity":1,"f:43:2:43:3":0,"b:43:41:43:48":0,"s:44:17:44:Infinity":2,"b:44:27:44:34:44:34:44:Infinity":1,"s:45:4:50:Infinity":3,"s:54:0:54:Infinity":4}}}
,"/opt/apps/incapacidades_vs/frontend/sistema-interno/src/components/ui/card.tsx": {"path":"/opt/apps/incapacidades_vs/frontend/sistema-interno/src/components/ui/card.tsx","statementMap":{"0":{"start":{"line":5,"column":13},"end":{"line":17,"column":null}},"1":{"start":{"line":9,"column":2},"end":{"line":16,"column":null}},"2":{"start":{"line":18,"column":0},"end":{"line":18,"column":null}},"3":{"start":{"line":20,"column":19},"end":{"line":29,"column":null}},"4":{"start":{"line":24,"column":2},"end":{"line":28,"column":null}},"5":{"start":{"line":30,"column":0},"end":{"line":30,"column":null}},"6":{"start":{"line":32,"column":18},"end":{"line":44,"column":null}},"7":{"start":{"line":36,"column":2},"end":{"line":43,"column":null}},"8":{"start":{"line":45,"column":0},"end":{"line":45,"column":null}},"9":{"start":{"line":47,"column":24},"end":{"line":56,"column":null}},"10":{"start":{"line":51,"column":2},"end":{"line":55,"column":null}},"11":{"start":{"line":57,"column":0},"end":{"line":57,"column":null}},"12":{"start":{"line":59,"column":20},"end":{"line":64,"column":null}},"13":{"start":{"line":63,"column":2},"end":{"line":63,"column":null}},"14":{"start":{"line":65,"column":0},"end":{"line":65,"column":null}},"15":{"start":{"line":67,"column":19},"end":{"line":76,"column":null}},"16":{"start":{"line":71,"column":2},"end":{"line":75,"column":null}},"17":{"start":{"line":77,"column":0},"end":{"line":77,"column":null}}},"fnMap":{"0":{"name":"(anonymous_0)","decl":{"start":{"line":8,"column":2},"end":{"line":8,"column":3}},"loc":{"start":{"line":9,"column":2},"end":{"line":16,"column":null}},"line":9},"1":{"name":"(anonymous_1)","decl":{"start":{"line":23,"column":2},"end":{"line":23,"column":3}},"loc":{"start":{"line":24,"column":2},"end":{"line":28,"column":null}},"line":24},"2":{"name":"(anonymous_2)","decl":{"start":{"line":35,"column":2},"end":{"line":35,"column":3}},"loc":{"start":{"line":36,"column":2},"end":{"line":43,"column":null}},"line":36},"3":{"name":"(anonymous_3)","decl":{"start":{"line":50,"column":2},"end":{"line":50,"column":3}},"loc":{"start":{"line":51,"column":2},"end":{"line":55,"column":null}},"line":51},"4":{"name":"(anonymous_4)","decl":{"start":{"line":62,"column":2},"end":{"line":62,"column":3}},"loc":{"start":{"line":63,"column":2},"end":{"line":63,"column":null}},"line":63},"5":{"name":"(anonymous_5)","decl":{"start":{"line":70,"column":2},"end":{"line":70,"column":3}},"loc":{"start":{"line":71,"column":2},"end":{"line":75,"column":null}},"line":71}},"branchMap":{},"s":{"0":4,"1":205,"2":4,"3":4,"4":150,"5":4,"6":4,"7":150,"8":4,"9":4,"10":0,"11":4,"12":4,"13":196,"14":4,"15":4,"16":0,"17":4},"f":{"0":205,"1":150,"2":150,"3":0,"4":196,"5":0},"b":{},"meta":{"lastBranch":0,"lastFunction":6,"lastStatement":18,"seen":{"s:5:13:17:Infinity":0,"f:8:2:8:3":0,"s:9:2:16:Infinity":1,"s:18:0:18:Infinity":2,"s:20:19:29:Infinity":3,"f:23:2:23:3":1,"s:24:2:28:Infinity":4,"s:30:0:30:Infinity":5,"s:32:18:44:Infinity":6,"f:35:2:35:3":2,"s:36:2:43:Infinity":7,"s:45:0:45:Infinity":8,"s:47:24:56:Infinity":9,"f:50:2:50:3":3,"s:51:2:55:Infinity":10,"s:57:0:57:Infinity":11,"s:59:20:64:Infinity":12,"f:62:2:62:3":4,"s:63:2:63:Infinity":13,"s:65:0:65:Infinity":14,"s:67:19:76:Infinity":15,"f:70:2:70:3":5,"s:71:2:75:Infinity":16,"s:77:0:77:Infinity":17}}}
,"/opt/apps/incapacidades_vs/frontend/sistema-interno/src/components/ui/label.tsx": {"path":"/opt/apps/incapacidades_vs/frontend/sistema-interno/src/components/ui/label.tsx","statementMap":{"0":{"start":{"line":7,"column":6},"end":{"line":9,"column":null}},"1":{"start":{"line":11,"column":14},"end":{"line":21,"column":null}},"2":{"start":{"line":16,"column":2},"end":{"line":20,"column":null}},"3":{"start":{"line":22,"column":0},"end":{"line":22,"column":null}}},"fnMap":{"0":{"name":"(anonymous_0)","decl":{"start":{"line":15,"column":2},"end":{"line":15,"column":3}},"loc":{"start":{"line":16,"column":2},"end":{"line":20,"column":null}},"line":16}},"branchMap":{},"s":{"0":2,"1":2,"2":9,"3":2},"f":{"0":9},"b":{},"meta":{"lastBranch":0,"lastFunction":1,"lastStatement":4,"seen":{"s:7:6:9:Infinity":0,"s:11:14:21:Infinity":1,"f:15:2:15:3":0,"s:16:2:20:Infinity":2,"s:22:0:22:Infinity":3}}}
,"/opt/apps/incapacidades_vs/frontend/sistema-interno/src/components/ui/tabs.tsx": {"path":"/opt/apps/incapacidades_vs/frontend/sistema-interno/src/components/ui/tabs.tsx","statementMap":{"0":{"start":{"line":8,"column":13},"end":{"line":8,"column":null}},"1":{"start":{"line":10,"column":17},"end":{"line":22,"column":null}},"2":{"start":{"line":14,"column":2},"end":{"line":21,"column":null}},"3":{"start":{"line":23,"column":0},"end":{"line":23,"column":null}},"4":{"start":{"line":25,"column":20},"end":{"line":37,"column":null}},"5":{"start":{"line":29,"column":2},"end":{"line":36,"column":null}},"6":{"start":{"line":38,"column":0},"end":{"line":38,"column":null}},"7":{"start":{"line":40,"column":20},"end":{"line":52,"column":null}},"8":{"start":{"line":44,"column":2},"end":{"line":51,"column":null}},"9":{"start":{"line":53,"column":0},"end":{"line":53,"column":null}}},"fnMap":{"0":{"name":"(anonymous_0)","decl":{"start":{"line":13,"column":2},"end":{"line":13,"column":3}},"loc":{"start":{"line":14,"column":2},"end":{"line":21,"column":null}},"line":14},"1":{"name":"(anonymous_1)","decl":{"start":{"line":28,"column":2},"end":{"line":28,"column":3}},"loc":{"start":{"line":29,"column":2},"end":{"line":36,"column":null}},"line":29},"2":{"name":"(anonymous_2)","decl":{"start":{"line":43,"column":2},"end":{"line":43,"column":3}},"loc":{"start":{"line":44,"column":2},"end":{"line":51,"column":null}},"line":44}},"branchMap":{},"s":{"0":1,"1":1,"2":9,"3":1,"4":1,"5":27,"6":1,"7":1,"8":27,"9":1},"f":{"0":9,"1":27,"2":27},"b":{},"meta":{"lastBranch":0,"lastFunction":3,"lastStatement":10,"seen":{"s:8:13:8:Infinity":0,"s:10:17:22:Infinity":1,"f:13:2:13:3":0,"s:14:2:21:Infinity":2,"s:23:0:23:Infinity":3,"s:25:20:37:Infinity":4,"f:28:2:28:3":1,"s:29:2:36:Infinity":5,"s:38:0:38:Infinity":6,"s:40:20:52:Infinity":7,"f:43:2:43:3":2,"s:44:2:51:Infinity":8,"s:53:0:53:Infinity":9}}}
,"/opt/apps/incapacidades_vs/frontend/sistema-interno/src/components/ui/textarea.tsx": {"path":"/opt/apps/incapacidades_vs/frontend/sistema-interno/src/components/ui/textarea.tsx","statementMap":{"0":{"start":{"line":5,"column":17},"end":{"line":19,"column":null}},"1":{"start":{"line":9,"column":2},"end":{"line":17,"column":null}},"2":{"start":{"line":20,"column":0},"end":{"line":20,"column":null}}},"fnMap":{"0":{"name":"(anonymous_0)","decl":{"start":{"line":8,"column":2},"end":{"line":8,"column":3}},"loc":{"start":{"line":8,"column":36},"end":{"line":19,"column":1}},"line":8}},"branchMap":{},"s":{"0":2,"1":9,"2":2},"f":{"0":9},"b":{},"meta":{"lastBranch":0,"lastFunction":1,"lastStatement":3,"seen":{"s:5:17:19:Infinity":0,"f:8:2:8:3":0,"s:9:2:17:Infinity":1,"s:20:0:20:Infinity":2}}}
,"/opt/apps/incapacidades_vs/frontend/sistema-interno/src/hooks/use-toast.ts": {"path":"/opt/apps/incapacidades_vs/frontend/sistema-interno/src/hooks/use-toast.ts","statementMap":{"0":{"start":{"line":11,"column":20},"end":{"line":11,"column":null}},"1":{"start":{"line":12,"column":27},"end":{"line":12,"column":null}},"2":{"start":{"line":21,"column":20},"end":{"line":26,"column":null}},"3":{"start":{"line":28,"column":12},"end":{"line":28,"column":null}},"4":{"start":{"line":31,"column":2},"end":{"line":31,"column":null}},"5":{"start":{"line":32,"column":2},"end":{"line":32,"column":null}},"6":{"start":{"line":59,"column":22},"end":{"line":59,"column":null}},"7":{"start":{"line":61,"column":25},"end":{"line":75,"column":null}},"8":{"start":{"line":62,"column":2},"end":{"line":64,"column":null}},"9":{"start":{"line":63,"column":4},"end":{"line":63,"column":null}},"10":{"start":{"line":66,"column":18},"end":{"line":72,"column":null}},"11":{"start":{"line":67,"column":4},"end":{"line":67,"column":null}},"12":{"start":{"line":68,"column":4},"end":{"line":71,"column":null}},"13":{"start":{"line":74,"column":2},"end":{"line":74,"column":null}},"14":{"start":{"line":77,"column":23},"end":{"line":130,"column":null}},"15":{"start":{"line":78,"column":2},"end":{"line":129,"column":null}},"16":{"start":{"line":80,"column":6},"end":{"line":83,"column":null}},"17":{"start":{"line":86,"column":6},"end":{"line":91,"column":null}},"18":{"start":{"line":89,"column":10},"end":{"line":89,"column":null}},"19":{"start":{"line":94,"column":26},"end":{"line":94,"column":null}},"20":{"start":{"line":98,"column":6},"end":{"line":104,"column":null}},"21":{"start":{"line":99,"column":8},"end":{"line":99,"column":null}},"22":{"start":{"line":101,"column":8},"end":{"line":103,"column":null}},"23":{"start":{"line":102,"column":10},"end":{"line":102,"column":null}},"24":{"start":{"line":106,"column":6},"end":{"line":116,"column":null}},"25":{"start":{"line":109,"column":10},"end":{"line":114,"column":null}},"26":{"start":{"line":119,"column":6},"end":{"line":124,"column":null}},"27":{"start":{"line":120,"column":8},"end":{"line":123,"column":null}},"28":{"start":{"line":125,"column":6},"end":{"line":128,"column":null}},"29":{"start":{"line":127,"column":43},"end":{"line":127,"column":66}},"30":{"start":{"line":132,"column":49},"end":{"line":132,"column":null}},"31":{"start":{"line":134,"column":25},"end":{"line":134,"column":null}},"32":{"start":{"line":137,"column":2},"end":{"line":137,"column":null}},"33":{"start":{"line":138,"column":2},"end":{"line":140,"column":null}},"34":{"start":{"line":139,"column":4},"end":{"line":139,"column":null}},"35":{"start":{"line":146,"column":13},"end":{"line":146,"column":null}},"36":{"start":{"line":148,"column":17},"end":{"line":152,"column":null}},"37":{"start":{"line":149,"column":4},"end":{"line":152,"column":null}},"38":{"start":{"line":153,"column":18},"end":{"line":153,"column":null}},"39":{"start":{"line":153,"column":24},"end":{"line":153,"column":null}},"40":{"start":{"line":155,"column":2},"end":{"line":165,"column":null}},"41":{"start":{"line":162,"column":8},"end":{"line":162,"column":null}},"42":{"start":{"line":162,"column":19},"end":{"line":162,"column":null}},"43":{"start":{"line":167,"column":2},"end":{"line":171,"column":null}},"44":{"start":{"line":175,"column":28},"end":{"line":175,"column":null}},"45":{"start":{"line":177,"column":2},"end":{"line":185,"column":null}},"46":{"start":{"line":178,"column":4},"end":{"line":178,"column":null}},"47":{"start":{"line":179,"column":4},"end":{"line":184,"column":null}},"48":{"start":{"line":180,"column":20},"end":{"line":180,"column":null}},"49":{"start":{"line":181,"column":6},"end":{"line":183,"column":null}},"50":{"start":{"line":182,"column":8},"end":{"line":182,"column":null}},"51":{"start":{"line":187,"column":2},"end":{"line":191,"column":null}},"52":{"start":{"line":190,"column":35},"end":{"line":190,"column":null}}},"fnMap":{"0":{"name":"genId","decl":{"start":{"line":30,"column":9},"end":{"line":30,"column":17}},"loc":{"start":{"line":30,"column":17},"end":{"line":33,"column":null}},"line":30},"1":{"name":"(anonymous_1)","decl":{"start":{"line":61,"column":25},"end":{"line":61,"column":26}},"loc":{"start":{"line":61,"column":46},"end":{"line":75,"column":null}},"line":61},"2":{"name":"(anonymous_2)","decl":{"start":{"line":66,"column":29},"end":{"line":66,"column":35}},"loc":{"start":{"line":66,"column":35},"end":{"line":72,"column":5}},"line":66},"3":{"name":"(anonymous_3)","decl":{"start":{"line":77,"column":23},"end":{"line":77,"column":24}},"loc":{"start":{"line":77,"column":64},"end":{"line":130,"column":null}},"line":77},"4":{"name":"(anonymous_4)","decl":{"start":{"line":88,"column":33},"end":{"line":88,"column":34}},"loc":{"start":{"line":89,"column":10},"end":{"line":89,"column":null}},"line":89},"5":{"name":"(anonymous_5)","decl":{"start":{"line":101,"column":29},"end":{"line":101,"column":30}},"loc":{"start":{"line":101,"column":40},"end":{"line":103,"column":9}},"line":101},"6":{"name":"(anonymous_6)","decl":{"start":{"line":108,"column":33},"end":{"line":108,"column":34}},"loc":{"start":{"line":109,"column":10},"end":{"line":114,"column":null}},"line":109},"7":{"name":"(anonymous_7)","decl":{"start":{"line":127,"column":36},"end":{"line":127,"column":37}},"loc":{"start":{"line":127,"column":43},"end":{"line":127,"column":66}},"line":127},"8":{"name":"dispatch","decl":{"start":{"line":136,"column":9},"end":{"line":136,"column":18}},"loc":{"start":{"line":136,"column":34},"end":{"line":141,"column":null}},"line":136},"9":{"name":"(anonymous_9)","decl":{"start":{"line":138,"column":20},"end":{"line":138,"column":21}},"loc":{"start":{"line":138,"column":34},"end":{"line":140,"column":3}},"line":138},"10":{"name":"toast","decl":{"start":{"line":145,"column":9},"end":{"line":145,"column":15}},"loc":{"start":{"line":145,"column":36},"end":{"line":172,"column":null}},"line":145},"11":{"name":"(anonymous_11)","decl":{"start":{"line":148,"column":17},"end":{"line":148,"column":18}},"loc":{"start":{"line":149,"column":4},"end":{"line":152,"column":null}},"line":149},"12":{"name":"(anonymous_12)","decl":{"start":{"line":153,"column":18},"end":{"line":153,"column":24}},"loc":{"start":{"line":153,"column":24},"end":{"line":153,"column":null}},"line":153},"13":{"name":"(anonymous_13)","decl":{"start":{"line":161,"column":20},"end":{"line":161,"column":21}},"loc":{"start":{"line":161,"column":30},"end":{"line":163,"column":null}},"line":161},"14":{"name":"useToast","decl":{"start":{"line":174,"column":9},"end":{"line":174,"column":20}},"loc":{"start":{"line":174,"column":20},"end":{"line":192,"column":null}},"line":174},"15":{"name":"(anonymous_15)","decl":{"start":{"line":177,"column":18},"end":{"line":177,"column":24}},"loc":{"start":{"line":177,"column":24},"end":{"line":185,"column":5}},"line":177},"16":{"name":"(anonymous_16)","decl":{"start":{"line":179,"column":11},"end":{"line":179,"column":17}},"loc":{"start":{"line":179,"column":17},"end":{"line":184,"column":null}},"line":179},"17":{"name":"(anonymous_17)","decl":{"start":{"line":190,"column":13},"end":{"line":190,"column":14}},"loc":{"start":{"line":190,"column":35},"end":{"line":190,"column":null}},"line":190}},"branchMap":{"0":{"loc":{"start":{"line":62,"column":2},"end":{"line":64,"column":null}},"type":"if","locations":[{"start":{"line":62,"column":2},"end":{"line":64,"column":null}},{"start":{},"end":{}}],"line":62},"1":{"loc":{"start":{"line":78,"column":2},"end":{"line":129,"column":null}},"type":"switch","locations":[{"start":{"line":79,"column":4},"end":{"line":83,"column":null}},{"start":{"line":85,"column":4},"end":{"line":91,"column":null}},{"start":{"line":93,"column":4},"end":{"line":117,"column":null}},{"start":{"line":118,"column":4},"end":{"line":128,"column":null}}],"line":78},"2":{"loc":{"start":{"line":89,"column":10},"end":{"line":89,"column":null}},"type":"cond-expr","locations":[{"start":{"line":89,"column":37},"end":{"line":89,"column":65}},{"start":{"line":89,"column":65},"end":{"line":89,"column":null}}],"line":89},"3":{"loc":{"start":{"line":98,"column":6},"end":{"line":104,"column":null}},"type":"if","locations":[{"start":{"line":98,"column":6},"end":{"line":104,"column":null}},{"start":{"line":100,"column":13},"end":{"line":104,"column":null}}],"line":98},"4":{"loc":{"start":{"line":109,"column":10},"end":{"line":114,"column":null}},"type":"cond-expr","locations":[{"start":{"line":110,"column":14},"end":{"line":113,"column":null}},{"start":{"line":114,"column":14},"end":{"line":114,"column":null}}],"line":109},"5":{"loc":{"start":{"line":109,"column":10},"end":{"line":109,"column":null}},"type":"binary-expr","locations":[{"start":{"line":109,"column":10},"end":{"line":109,"column":30}},{"start":{"line":109,"column":30},"end":{"line":109,"column":null}}],"line":109},"6":{"loc":{"start":{"line":119,"column":6},"end":{"line":124,"column":null}},"type":"if","locations":[{"start":{"line":119,"column":6},"end":{"line":124,"column":null}},{"start":{},"end":{}}],"line":119},"7":{"loc":{"start":{"line":162,"column":8},"end":{"line":162,"column":null}},"type":"if","locations":[{"start":{"line":162,"column":8},"end":{"line":162,"column":null}},{"start":{},"end":{}}],"line":162},"8":{"loc":{"start":{"line":181,"column":6},"end":{"line":183,"column":null}},"type":"if","locations":[{"start":{"line":181,"column":6},"end":{"line":183,"column":null}},{"start":{},"end":{}}],"line":181}},"s":{"0":1,"1":1,"2":1,"3":1,"4":1,"5":1,"6":1,"7":1,"8":0,"9":0,"10":0,"11":0,"12":0,"13":0,"14":1,"15":1,"16":1,"17":0,"18":0,"19":0,"20":0,"21":0,"22":0,"23":0,"24":0,"25":0,"26":0,"27":0,"28":0,"29":0,"30":1,"31":1,"32":1,"33":1,"34":1,"35":1,"36":1,"37":0,"38":1,"39":0,"40":1,"41":0,"42":0,"43":1,"44":18,"45":18,"46":9,"47":9,"48":9,"49":9,"50":9,"51":18,"52":0},"f":{"0":1,"1":0,"2":0,"3":1,"4":0,"5":0,"6":0,"7":0,"8":1,"9":1,"10":1,"11":0,"12":0,"13":0,"14":18,"15":9,"16":9,"17":0},"b":{"0":[0,0],"1":[1,0,0,0],"2":[0,0],"3":[0,0],"4":[0,0],"5":[0,0],"6":[0,0],"7":[0,0],"8":[9,0]},"meta":{"lastBranch":9,"lastFunction":18,"lastStatement":53,"seen":{"s:11:20:11:Infinity":0,"s:12:27:12:Infinity":1,"s:21:20:26:Infinity":2,"s:28:12:28:Infinity":3,"f:30:9:30:17":0,"s:31:2:31:Infinity":4,"s:32:2:32:Infinity":5,"s:59:22:59:Infinity":6,"s:61:25:75:Infinity":7,"f:61:25:61:26":1,"b:62:2:64:Infinity:undefined:undefined:undefined:undefined":0,"s:62:2:64:Infinity":8,"s:63:4:63:Infinity":9,"s:66:18:72:Infinity":10,"f:66:29:66:35":2,"s:67:4:67:Infinity":11,"s:68:4:71:Infinity":12,"s:74:2:74:Infinity":13,"s:77:23:130:Infinity":14,"f:77:23:77:24":3,"b:79:4:83:Infinity:85:4:91:Infinity:93:4:117:Infinity:118:4:128:Infinity":1,"s:78:2:129:Infinity":15,"s:80:6:83:Infinity":16,"s:86:6:91:Infinity":17,"f:88:33:88:34":4,"s:89:10:89:Infinity":18,"b:89:37:89:65:89:65:89:Infinity":2,"s:94:26:94:Infinity":19,"b:98:6:104:Infinity:100:13:104:Infinity":3,"s:98:6:104:Infinity":20,"s:99:8:99:Infinity":21,"s:101:8:103:Infinity":22,"f:101:29:101:30":5,"s:102:10:102:Infinity":23,"s:106:6:116:Infinity":24,"f:108:33:108:34":6,"s:109:10:114:Infinity":25,"b:110:14:113:Infinity:114:14:114:Infinity":4,"b:109:10:109:30:109:30:109:Infinity":5,"b:119:6:124:Infinity:undefined:undefined:undefined:undefined":6,"s:119:6:124:Infinity":26,"s:120:8:123:Infinity":27,"s:125:6:128:Infinity":28,"f:127:36:127:37":7,"s:127:43:127:66":29,"s:132:49:132:Infinity":30,"s:134:25:134:Infinity":31,"f:136:9:136:18":8,"s:137:2:137:Infinity":32,"s:138:2:140:Infinity":33,"f:138:20:138:21":9,"s:139:4:139:Infinity":34,"f:145:9:145:15":10,"s:146:13:146:Infinity":35,"s:148:17:152:Infinity":36,"f:148:17:148:18":11,"s:149:4:152:Infinity":37,"s:153:18:153:Infinity":38,"f:153:18:153:24":12,"s:153:24:153:Infinity":39,"s:155:2:165:Infinity":40,"f:161:20:161:21":13,"b:162:8:162:Infinity:undefined:undefined:undefined:undefined":7,"s:162:8:162:Infinity":41,"s:162:19:162:Infinity":42,"s:167:2:171:Infinity":43,"f:174:9:174:20":14,"s:175:28:175:Infinity":44,"s:177:2:185:Infinity":45,"f:177:18:177:24":15,"s:178:4:178:Infinity":46,"s:179:4:184:Infinity":47,"f:179:11:179:17":16,"s:180:20:180:Infinity":48,"b:181:6:183:Infinity:undefined:undefined:undefined:undefined":8,"s:181:6:183:Infinity":49,"s:182:8:182:Infinity":50,"s:187:2:191:Infinity":51,"f:190:13:190:14":17,"s:190:35:190:Infinity":52}}}
,"/opt/apps/incapacidades_vs/frontend/sistema-interno/src/lib/utils.ts": {"path":"/opt/apps/incapacidades_vs/frontend/sistema-interno/src/lib/utils.ts","statementMap":{"0":{"start":{"line":5,"column":2},"end":{"line":5,"column":null}}},"fnMap":{"0":{"name":"cn","decl":{"start":{"line":4,"column":16},"end":{"line":4,"column":22}},"loc":{"start":{"line":4,"column":44},"end":{"line":6,"column":null}},"line":4}},"branchMap":{},"s":{"0":1320},"f":{"0":1320},"b":{},"meta":{"lastBranch":0,"lastFunction":1,"lastStatement":1,"seen":{"f:4:16:4:22":0,"s:5:2:5:Infinity":0}}}
,"/opt/apps/incapacidades_vs/frontend/sistema-interno/src/pages/incapacidades/GestionarPage.tsx": {"path":"/opt/apps/incapacidades_vs/frontend/sistema-interno/src/pages/incapacidades/GestionarPage.tsx","statementMap":{"0":{"start":{"line":31,"column":13},"end":{"line":31,"column":null}},"1":{"start":{"line":32,"column":8},"end":{"line":32,"column":null}},"2":{"start":{"line":33,"column":16},"end":{"line":33,"column":null}},"3":{"start":{"line":34,"column":8},"end":{"line":34,"column":null}},"4":{"start":{"line":35,"column":32},"end":{"line":35,"column":null}},"5":{"start":{"line":42,"column":2},"end":{"line":46,"column":null}},"6":{"start":{"line":44,"column":19},"end":{"line":44,"column":null}},"7":{"start":{"line":49,"column":26},"end":{"line":53,"column":null}},"8":{"start":{"line":51,"column":19},"end":{"line":51,"column":null}},"9":{"start":{"line":56,"column":27},"end":{"line":60,"column":null}},"10":{"start":{"line":58,"column":19},"end":{"line":58,"column":null}},"11":{"start":{"line":63,"column":8},"end":{"line":89,"column":null}},"12":{"start":{"line":65,"column":6},"end":{"line":65,"column":null}},"13":{"start":{"line":68,"column":6},"end":{"line":68,"column":null}},"14":{"start":{"line":69,"column":6},"end":{"line":69,"column":null}},"15":{"start":{"line":70,"column":6},"end":{"line":70,"column":null}},"16":{"start":{"line":72,"column":6},"end":{"line":75,"column":null}},"17":{"start":{"line":78,"column":6},"end":{"line":80,"column":null}},"18":{"start":{"line":79,"column":8},"end":{"line":79,"column":null}},"19":{"start":{"line":83,"column":6},"end":{"line":87,"column":null}},"20":{"start":{"line":92,"column":2},"end":{"line":101,"column":null}},"21":{"start":{"line":93,"column":4},"end":{"line":99,"column":null}},"22":{"start":{"line":104,"column":2},"end":{"line":121,"column":null}},"23":{"start":{"line":105,"column":4},"end":{"line":119,"column":null}},"24":{"start":{"line":114,"column":35},"end":{"line":114,"column":74}},"25":{"start":{"line":124,"column":20},"end":{"line":124,"column":null}},"26":{"start":{"line":126,"column":2},"end":{"line":223,"column":null}},"27":{"start":{"line":133,"column":27},"end":{"line":133,"column":null}},"28":{"start":{"line":229,"column":2},"end":{"line":245,"column":null}},"29":{"start":{"line":231,"column":6},"end":{"line":231,"column":null}},"30":{"start":{"line":233,"column":6},"end":{"line":233,"column":null}},"31":{"start":{"line":235,"column":6},"end":{"line":235,"column":null}},"32":{"start":{"line":237,"column":6},"end":{"line":237,"column":null}},"33":{"start":{"line":239,"column":6},"end":{"line":239,"column":null}},"34":{"start":{"line":242,"column":6},"end":{"line":242,"column":null}},"35":{"start":{"line":244,"column":6},"end":{"line":244,"column":null}}},"fnMap":{"0":{"name":"GestionarPage","decl":{"start":{"line":30,"column":16},"end":{"line":30,"column":32}},"loc":{"start":{"line":30,"column":32},"end":{"line":225,"column":null}},"line":30},"1":{"name":"(anonymous_1)","decl":{"start":{"line":44,"column":13},"end":{"line":44,"column":19}},"loc":{"start":{"line":44,"column":19},"end":{"line":44,"column":null}},"line":44},"2":{"name":"(anonymous_2)","decl":{"start":{"line":51,"column":13},"end":{"line":51,"column":19}},"loc":{"start":{"line":51,"column":19},"end":{"line":51,"column":null}},"line":51},"3":{"name":"(anonymous_3)","decl":{"start":{"line":58,"column":13},"end":{"line":58,"column":19}},"loc":{"start":{"line":58,"column":19},"end":{"line":58,"column":null}},"line":58},"4":{"name":"(anonymous_4)","decl":{"start":{"line":64,"column":16},"end":{"line":64,"column":17}},"loc":{"start":{"line":65,"column":6},"end":{"line":65,"column":null}},"line":65},"5":{"name":"(anonymous_5)","decl":{"start":{"line":66,"column":15},"end":{"line":66,"column":16}},"loc":{"start":{"line":66,"column":25},"end":{"line":81,"column":null}},"line":66},"6":{"name":"(anonymous_6)","decl":{"start":{"line":78,"column":17},"end":{"line":78,"column":23}},"loc":{"start":{"line":78,"column":23},"end":{"line":80,"column":9}},"line":78},"7":{"name":"(anonymous_7)","decl":{"start":{"line":82,"column":13},"end":{"line":82,"column":14}},"loc":{"start":{"line":82,"column":29},"end":{"line":88,"column":null}},"line":82},"8":{"name":"(anonymous_8)","decl":{"start":{"line":114,"column":29},"end":{"line":114,"column":35}},"loc":{"start":{"line":114,"column":35},"end":{"line":114,"column":74}},"line":114},"9":{"name":"(anonymous_9)","decl":{"start":{"line":133,"column":21},"end":{"line":133,"column":27}},"loc":{"start":{"line":133,"column":27},"end":{"line":133,"column":null}},"line":133},"10":{"name":"getEstadoBadgeVariant","decl":{"start":{"line":228,"column":9},"end":{"line":228,"column":31}},"loc":{"start":{"line":228,"column":100},"end":{"line":246,"column":null}},"line":228}},"branchMap":{"0":{"loc":{"start":{"line":85,"column":21},"end":{"line":85,"column":null}},"type":"binary-expr","locations":[{"start":{"line":85,"column":21},"end":{"line":85,"column":53}},{"start":{"line":85,"column":53},"end":{"line":85,"column":null}}],"line":85},"1":{"loc":{"start":{"line":92,"column":2},"end":{"line":101,"column":null}},"type":"if","locations":[{"start":{"line":92,"column":2},"end":{"line":101,"column":null}},{"start":{},"end":{}}],"line":92},"2":{"loc":{"start":{"line":104,"column":2},"end":{"line":121,"column":null}},"type":"if","locations":[{"start":{"line":104,"column":2},"end":{"line":121,"column":null}},{"start":{},"end":{}}],"line":104},"3":{"loc":{"start":{"line":104,"column":6},"end":{"line":104,"column":29}},"type":"binary-expr","locations":[{"start":{"line":104,"column":6},"end":{"line":104,"column":15}},{"start":{"line":104,"column":15},"end":{"line":104,"column":29}}],"line":104},"4":{"loc":{"start":{"line":152,"column":26},"end":{"line":152,"column":80}},"type":"cond-expr","locations":[{"start":{"line":152,"column":55},"end":{"line":152,"column":67}},{"start":{"line":152,"column":67},"end":{"line":152,"column":80}}],"line":152},"5":{"loc":{"start":{"line":167,"column":31},"end":{"line":167,"column":55}},"type":"binary-expr","locations":[{"start":{"line":167,"column":31},"end":{"line":167,"column":53}},{"start":{"line":167,"column":53},"end":{"line":167,"column":55}}],"line":167},"6":{"loc":{"start":{"line":171,"column":30},"end":{"line":171,"column":53}},"type":"binary-expr","locations":[{"start":{"line":171,"column":30},"end":{"line":171,"column":51}},{"start":{"line":171,"column":51},"end":{"line":171,"column":53}}],"line":171},"7":{"loc":{"start":{"line":180,"column":11},"end":{"line":191,"column":null}},"type":"binary-expr","locations":[{"start":{"line":180,"column":11},"end":{"line":180,"column":null}},{"start":{"line":181,"column":12},"end":{"line":191,"column":null}}],"line":180},"8":{"loc":{"start":{"line":195,"column":11},"end":{"line":209,"column":null}},"type":"binary-expr","locations":[{"start":{"line":195,"column":11},"end":{"line":195,"column":null}},{"start":{"line":196,"column":12},"end":{"line":209,"column":null}}],"line":195},"9":{"loc":{"start":{"line":215,"column":40},"end":{"line":215,"column":58}},"type":"binary-expr","locations":[{"start":{"line":215,"column":40},"end":{"line":215,"column":54}},{"start":{"line":215,"column":54},"end":{"line":215,"column":58}}],"line":215},"10":{"loc":{"start":{"line":220,"column":40},"end":{"line":220,"column":57}},"type":"binary-expr","locations":[{"start":{"line":220,"column":40},"end":{"line":220,"column":53}},{"start":{"line":220,"column":53},"end":{"line":220,"column":57}}],"line":220},"11":{"loc":{"start":{"line":229,"column":2},"end":{"line":245,"column":null}},"type":"switch","locations":[{"start":{"line":230,"column":4},"end":{"line":231,"column":null}},{"start":{"line":232,"column":4},"end":{"line":233,"column":null}},{"start":{"line":234,"column":4},"end":{"line":235,"column":null}},{"start":{"line":236,"column":4},"end":{"line":237,"column":null}},{"start":{"line":238,"column":4},"end":{"line":239,"column":null}},{"start":{"line":240,"column":4},"end":{"line":240,"column":null}},{"start":{"line":241,"column":4},"end":{"line":242,"column":null}},{"start":{"line":243,"column":4},"end":{"line":244,"column":null}}],"line":229}},"s":{"0":18,"1":18,"2":18,"3":18,"4":18,"5":18,"6":9,"7":18,"8":10,"9":18,"10":9,"11":18,"12":1,"13":1,"14":1,"15":1,"16":1,"17":1,"18":0,"19":0,"20":18,"21":8,"22":10,"23":1,"24":0,"25":9,"26":9,"27":0,"28":9,"29":0,"30":8,"31":0,"32":0,"33":0,"34":1,"35":0},"f":{"0":18,"1":9,"2":10,"3":9,"4":1,"5":1,"6":0,"7":0,"8":0,"9":0,"10":9},"b":{"0":[0,0],"1":[8,10],"2":[1,9],"3":[10,9],"4":[9,0],"5":[18,0],"6":[18,0],"7":[18,8],"8":[18,1],"9":[18,0],"10":[18,0],"11":[0,8,0,0,0,0,1,0]},"meta":{"lastBranch":12,"lastFunction":11,"lastStatement":36,"seen":{"f:30:16:30:32":0,"s:31:13:31:Infinity":0,"s:32:8:32:Infinity":1,"s:33:16:33:Infinity":2,"s:34:8:34:Infinity":3,"s:35:32:35:Infinity":4,"s:42:2:46:Infinity":5,"f:44:13:44:19":1,"s:44:19:44:Infinity":6,"s:49:26:53:Infinity":7,"f:51:13:51:19":2,"s:51:19:51:Infinity":8,"s:56:27:60:Infinity":9,"f:58:13:58:19":3,"s:58:19:58:Infinity":10,"s:63:8:89:Infinity":11,"f:64:16:64:17":4,"s:65:6:65:Infinity":12,"f:66:15:66:16":5,"s:68:6:68:Infinity":13,"s:69:6:69:Infinity":14,"s:70:6:70:Infinity":15,"s:72:6:75:Infinity":16,"s:78:6:80:Infinity":17,"f:78:17:78:23":6,"s:79:8:79:Infinity":18,"f:82:13:82:14":7,"s:83:6:87:Infinity":19,"b:85:21:85:53:85:53:85:Infinity":0,"b:92:2:101:Infinity:undefined:undefined:undefined:undefined":1,"s:92:2:101:Infinity":20,"s:93:4:99:Infinity":21,"b:104:2:121:Infinity:undefined:undefined:undefined:undefined":2,"s:104:2:121:Infinity":22,"b:104:6:104:15:104:15:104:29":3,"s:105:4:119:Infinity":23,"f:114:29:114:35":8,"s:114:35:114:74":24,"s:124:20:124:Infinity":25,"s:126:2:223:Infinity":26,"f:133:21:133:27":9,"s:133:27:133:Infinity":27,"b:152:55:152:67:152:67:152:80":4,"b:167:31:167:53:167:53:167:55":5,"b:171:30:171:51:171:51:171:53":6,"b:180:11:180:Infinity:181:12:191:Infinity":7,"b:195:11:195:Infinity:196:12:209:Infinity":8,"b:215:40:215:54:215:54:215:58":9,"b:220:40:220:53:220:53:220:57":10,"f:228:9:228:31":10,"b:230:4:231:Infinity:232:4:233:Infinity:234:4:235:Infinity:236:4:237:Infinity:238:4:239:Infinity:240:4:240:Infinity:241:4:242:Infinity:243:4:244:Infinity":11,"s:229:2:245:Infinity":28,"s:231:6:231:Infinity":29,"s:233:6:233:Infinity":30,"s:235:6:235:Infinity":31,"s:237:6:237:Infinity":32,"s:239:6:239:Infinity":33,"s:242:6:242:Infinity":34,"s:244:6:244:Infinity":35}}}
,"/opt/apps/incapacidades_vs/frontend/sistema-interno/src/types/auth.ts": {"path":"/opt/apps/incapacidades_vs/frontend/sistema-interno/src/types/auth.ts","statementMap":{},"fnMap":{},"branchMap":{},"s":{},"f":{},"b":{},"meta":{"lastBranch":0,"lastFunction":0,"lastStatement":0,"seen":{}}}
,"/opt/apps/incapacidades_vs/frontend/sistema-interno/src/types/enums.ts": {"path":"/opt/apps/incapacidades_vs/frontend/sistema-interno/src/types/enums.ts","statementMap":{"0":{"start":{"line":10,"column":26},"end":{"line":17,"column":null}},"1":{"start":{"line":24,"column":29},"end":{"line":28,"column":null}},"2":{"start":{"line":35,"column":31},"end":{"line":38,"column":null}},"3":{"start":{"line":45,"column":33},"end":{"line":54,"column":null}},"4":{"start":{"line":61,"column":29},"end":{"line":67,"column":null}},"5":{"start":{"line":74,"column":31},"end":{"line":81,"column":null}},"6":{"start":{"line":88,"column":25},"end":{"line":93,"column":null}}},"fnMap":{},"branchMap":{},"s":{"0":4,"1":4,"2":4,"3":4,"4":4,"5":4,"6":4},"f":{},"b":{},"meta":{"lastBranch":0,"lastFunction":0,"lastStatement":7,"seen":{"s:10:26:17:Infinity":0,"s:24:29:28:Infinity":1,"s:35:31:38:Infinity":2,"s:45:33:54:Infinity":3,"s:61:29:67:Infinity":4,"s:74:31:81:Infinity":5,"s:88:25:93:Infinity":6}}}
,"/opt/apps/incapacidades_vs/frontend/sistema-interno/src/types/incapacidad.ts": {"path":"/opt/apps/incapacidades_vs/frontend/sistema-interno/src/types/incapacidad.ts","statementMap":{},"fnMap":{},"branchMap":{},"s":{},"f":{},"b":{},"meta":{"lastBranch":0,"lastFunction":0,"lastStatement":0,"seen":{}}}
,"/opt/apps/incapacidades_vs/frontend/sistema-interno/src/types/index.ts": {"path":"/opt/apps/incapacidades_vs/frontend/sistema-interno/src/types/index.ts","statementMap":{},"fnMap":{},"branchMap":{},"s":{},"f":{},"b":{},"meta":{"lastBranch":0,"lastFunction":0,"lastStatement":0,"seen":{}}}
,"/opt/apps/incapacidades_vs/frontend/sistema-interno/src/utils/formatters.ts": {"path":"/opt/apps/incapacidades_vs/frontend/sistema-interno/src/utils/formatters.ts","statementMap":{"0":{"start":{"line":9,"column":2},"end":{"line":9,"column":null}},"1":{"start":{"line":9,"column":19},"end":{"line":9,"column":null}},"2":{"start":{"line":11,"column":15},"end":{"line":11,"column":null}},"3":{"start":{"line":13,"column":2},"end":{"line":17,"column":null}},"4":{"start":{"line":24,"column":2},"end":{"line":24,"column":null}},"5":{"start":{"line":24,"column":19},"end":{"line":24,"column":null}},"6":{"start":{"line":26,"column":15},"end":{"line":26,"column":null}},"7":{"start":{"line":28,"column":2},"end":{"line":34,"column":null}},"8":{"start":{"line":41,"column":2},"end":{"line":41,"column":null}},"9":{"start":{"line":41,"column":45},"end":{"line":41,"column":null}},"10":{"start":{"line":43,"column":2},"end":{"line":48,"column":null}},"11":{"start":{"line":55,"column":2},"end":{"line":55,"column":null}},"12":{"start":{"line":55,"column":45},"end":{"line":55,"column":null}},"13":{"start":{"line":57,"column":2},"end":{"line":57,"column":null}},"14":{"start":{"line":64,"column":2},"end":{"line":64,"column":null}},"15":{"start":{"line":64,"column":19},"end":{"line":64,"column":null}},"16":{"start":{"line":66,"column":12},"end":{"line":66,"column":null}},"17":{"start":{"line":67,"column":16},"end":{"line":67,"column":null}},"18":{"start":{"line":68,"column":12},"end":{"line":68,"column":null}},"19":{"start":{"line":70,"column":2},"end":{"line":70,"column":null}},"20":{"start":{"line":77,"column":2},"end":{"line":77,"column":null}},"21":{"start":{"line":84,"column":2},"end":{"line":84,"column":null}},"22":{"start":{"line":84,"column":19},"end":{"line":84,"column":null}},"23":{"start":{"line":86,"column":15},"end":{"line":86,"column":null}},"24":{"start":{"line":87,"column":14},"end":{"line":87,"column":null}},"25":{"start":{"line":88,"column":19},"end":{"line":88,"column":null}},"26":{"start":{"line":89,"column":21},"end":{"line":89,"column":null}},"27":{"start":{"line":91,"column":2},"end":{"line":91,"column":null}},"28":{"start":{"line":91,"column":24},"end":{"line":91,"column":null}},"29":{"start":{"line":92,"column":2},"end":{"line":92,"column":null}},"30":{"start":{"line":92,"column":24},"end":{"line":92,"column":null}},"31":{"start":{"line":93,"column":2},"end":{"line":93,"column":null}},"32":{"start":{"line":93,"column":22},"end":{"line":93,"column":null}},"33":{"start":{"line":94,"column":2},"end":{"line":97,"column":null}},"34":{"start":{"line":95,"column":18},"end":{"line":95,"column":null}},"35":{"start":{"line":96,"column":4},"end":{"line":96,"column":null}},"36":{"start":{"line":98,"column":2},"end":{"line":101,"column":null}},"37":{"start":{"line":99,"column":19},"end":{"line":99,"column":null}},"38":{"start":{"line":100,"column":4},"end":{"line":100,"column":null}},"39":{"start":{"line":102,"column":16},"end":{"line":102,"column":null}},"40":{"start":{"line":103,"column":2},"end":{"line":103,"column":null}},"41":{"start":{"line":110,"column":2},"end":{"line":110,"column":null}},"42":{"start":{"line":110,"column":19},"end":{"line":110,"column":null}},"43":{"start":{"line":112,"column":15},"end":{"line":112,"column":null}},"44":{"start":{"line":113,"column":14},"end":{"line":113,"column":null}},"45":{"start":{"line":114,"column":19},"end":{"line":114,"column":null}},"46":{"start":{"line":115,"column":21},"end":{"line":115,"column":null}},"47":{"start":{"line":117,"column":2},"end":{"line":117,"column":null}}},"fnMap":{"0":{"name":"formatDate","decl":{"start":{"line":8,"column":16},"end":{"line":8,"column":27}},"loc":{"start":{"line":8,"column":62},"end":{"line":18,"column":null}},"line":8},"1":{"name":"formatDateTime","decl":{"start":{"line":23,"column":16},"end":{"line":23,"column":31}},"loc":{"start":{"line":23,"column":66},"end":{"line":35,"column":null}},"line":23},"2":{"name":"formatCurrency","decl":{"start":{"line":40,"column":16},"end":{"line":40,"column":31}},"loc":{"start":{"line":40,"column":54},"end":{"line":49,"column":null}},"line":40},"3":{"name":"formatNumber","decl":{"start":{"line":54,"column":16},"end":{"line":54,"column":29}},"loc":{"start":{"line":54,"column":52},"end":{"line":58,"column":null}},"line":54},"4":{"name":"formatFileSize","decl":{"start":{"line":63,"column":16},"end":{"line":63,"column":31}},"loc":{"start":{"line":63,"column":54},"end":{"line":71,"column":null}},"line":63},"5":{"name":"formatFullName","decl":{"start":{"line":76,"column":16},"end":{"line":76,"column":31}},"loc":{"start":{"line":76,"column":75},"end":{"line":78,"column":null}},"line":76},"6":{"name":"formatRelativeDate","decl":{"start":{"line":83,"column":16},"end":{"line":83,"column":35}},"loc":{"start":{"line":83,"column":70},"end":{"line":104,"column":null}},"line":83},"7":{"name":"getDiasDesde","decl":{"start":{"line":109,"column":16},"end":{"line":109,"column":29}},"loc":{"start":{"line":109,"column":64},"end":{"line":118,"column":null}},"line":109}},"branchMap":{"0":{"loc":{"start":{"line":9,"column":2},"end":{"line":9,"column":null}},"type":"if","locations":[{"start":{"line":9,"column":2},"end":{"line":9,"column":null}},{"start":{},"end":{}}],"line":9},"1":{"loc":{"start":{"line":11,"column":15},"end":{"line":11,"column":null}},"type":"cond-expr","locations":[{"start":{"line":11,"column":48},"end":{"line":11,"column":71}},{"start":{"line":11,"column":71},"end":{"line":11,"column":null}}],"line":11},"2":{"loc":{"start":{"line":24,"column":2},"end":{"line":24,"column":null}},"type":"if","locations":[{"start":{"line":24,"column":2},"end":{"line":24,"column":null}},{"start":{},"end":{}}],"line":24},"3":{"loc":{"start":{"line":26,"column":15},"end":{"line":26,"column":null}},"type":"cond-expr","locations":[{"start":{"line":26,"column":48},"end":{"line":26,"column":71}},{"start":{"line":26,"column":71},"end":{"line":26,"column":null}}],"line":26},"4":{"loc":{"start":{"line":41,"column":2},"end":{"line":41,"column":null}},"type":"if","locations":[{"start":{"line":41,"column":2},"end":{"line":41,"column":null}},{"start":{},"end":{}}],"line":41},"5":{"loc":{"start":{"line":41,"column":6},"end":{"line":41,"column":45}},"type":"binary-expr","locations":[{"start":{"line":41,"column":6},"end":{"line":41,"column":24}},{"start":{"line":41,"column":24},"end":{"line":41,"column":45}}],"line":41},"6":{"loc":{"start":{"line":55,"column":2},"end":{"line":55,"column":null}},"type":"if","locations":[{"start":{"line":55,"column":2},"end":{"line":55,"column":null}},{"start":{},"end":{}}],"line":55},"7":{"loc":{"start":{"line":55,"column":6},"end":{"line":55,"column":45}},"type":"binary-expr","locations":[{"start":{"line":55,"column":6},"end":{"line":55,"column":24}},{"start":{"line":55,"column":24},"end":{"line":55,"column":45}}],"line":55},"8":{"loc":{"start":{"line":64,"column":2},"end":{"line":64,"column":null}},"type":"if","locations":[{"start":{"line":64,"column":2},"end":{"line":64,"column":null}},{"start":{},"end":{}}],"line":64},"9":{"loc":{"start":{"line":84,"column":2},"end":{"line":84,"column":null}},"type":"if","locations":[{"start":{"line":84,"column":2},"end":{"line":84,"column":null}},{"start":{},"end":{}}],"line":84},"10":{"loc":{"start":{"line":86,"column":15},"end":{"line":86,"column":null}},"type":"cond-expr","locations":[{"start":{"line":86,"column":48},"end":{"line":86,"column":71}},{"start":{"line":86,"column":71},"end":{"line":86,"column":null}}],"line":86},"11":{"loc":{"start":{"line":91,"column":2},"end":{"line":91,"column":null}},"type":"if","locations":[{"start":{"line":91,"column":2},"end":{"line":91,"column":null}},{"start":{},"end":{}}],"line":91},"12":{"loc":{"start":{"line":92,"column":2},"end":{"line":92,"column":null}},"type":"if","locations":[{"start":{"line":92,"column":2},"end":{"line":92,"column":null}},{"start":{},"end":{}}],"line":92},"13":{"loc":{"start":{"line":93,"column":2},"end":{"line":93,"column":null}},"type":"if","locations":[{"start":{"line":93,"column":2},"end":{"line":93,"column":null}},{"start":{},"end":{}}],"line":93},"14":{"loc":{"start":{"line":94,"column":2},"end":{"line":97,"column":null}},"type":"if","locations":[{"start":{"line":94,"column":2},"end":{"line":97,"column":null}},{"start":{},"end":{}}],"line":94},"15":{"loc":{"start":{"line":96,"column":28},"end":{"line":96,"column":62}},"type":"cond-expr","locations":[{"start":{"line":96,"column":42},"end":{"line":96,"column":53}},{"start":{"line":96,"column":53},"end":{"line":96,"column":62}}],"line":96},"16":{"loc":{"start":{"line":98,"column":2},"end":{"line":101,"column":null}},"type":"if","locations":[{"start":{"line":98,"column":2},"end":{"line":101,"column":null}},{"start":{},"end":{}}],"line":98},"17":{"loc":{"start":{"line":100,"column":29},"end":{"line":100,"column":59}},"type":"cond-expr","locations":[{"start":{"line":100,"column":44},"end":{"line":100,"column":52}},{"start":{"line":100,"column":52},"end":{"line":100,"column":59}}],"line":100},"18":{"loc":{"start":{"line":103,"column":26},"end":{"line":103,"column":54}},"type":"cond-expr","locations":[{"start":{"line":103,"column":40},"end":{"line":103,"column":48}},{"start":{"line":103,"column":48},"end":{"line":103,"column":54}}],"line":103},"19":{"loc":{"start":{"line":110,"column":2},"end":{"line":110,"column":null}},"type":"if","locations":[{"start":{"line":110,"column":2},"end":{"line":110,"column":null}},{"start":{},"end":{}}],"line":110},"20":{"loc":{"start":{"line":112,"column":15},"end":{"line":112,"column":null}},"type":"cond-expr","locations":[{"start":{"line":112,"column":48},"end":{"line":112,"column":71}},{"start":{"line":112,"column":71},"end":{"line":112,"column":null}}],"line":112}},"s":{"0":145,"1":0,"2":145,"3":145,"4":0,"5":0,"6":0,"7":0,"8":15,"9":0,"10":15,"11":0,"12":0,"13":0,"14":0,"15":0,"16":0,"17":0,"18":0,"19":0,"20":0,"21":0,"22":0,"23":0,"24":0,"25":0,"26":0,"27":0,"28":0,"29":0,"30":0,"31":0,"32":0,"33":0,"34":0,"35":0,"36":0,"37":0,"38":0,"39":0,"40":0,"41":0,"42":0,"43":0,"44":0,"45":0,"46":0,"47":0},"f":{"0":145,"1":0,"2":15,"3":0,"4":0,"5":0,"6":0,"7":0},"b":{"0":[0,145],"1":[145,0],"2":[0,0],"3":[0,0],"4":[0,15],"5":[15,15],"6":[0,0],"7":[0,0],"8":[0,0],"9":[0,0],"10":[0,0],"11":[0,0],"12":[0,0],"13":[0,0],"14":[0,0],"15":[0,0],"16":[0,0],"17":[0,0],"18":[0,0],"19":[0,0],"20":[0,0]},"meta":{"lastBranch":21,"lastFunction":8,"lastStatement":48,"seen":{"f:8:16:8:27":0,"b:9:2:9:Infinity:undefined:undefined:undefined:undefined":0,"s:9:2:9:Infinity":0,"s:9:19:9:Infinity":1,"s:11:15:11:Infinity":2,"b:11:48:11:71:11:71:11:Infinity":1,"s:13:2:17:Infinity":3,"f:23:16:23:31":1,"b:24:2:24:Infinity:undefined:undefined:undefined:undefined":2,"s:24:2:24:Infinity":4,"s:24:19:24:Infinity":5,"s:26:15:26:Infinity":6,"b:26:48:26:71:26:71:26:Infinity":3,"s:28:2:34:Infinity":7,"f:40:16:40:31":2,"b:41:2:41:Infinity:undefined:undefined:undefined:undefined":4,"s:41:2:41:Infinity":8,"b:41:6:41:24:41:24:41:45":5,"s:41:45:41:Infinity":9,"s:43:2:48:Infinity":10,"f:54:16:54:29":3,"b:55:2:55:Infinity:undefined:undefined:undefined:undefined":6,"s:55:2:55:Infinity":11,"b:55:6:55:24:55:24:55:45":7,"s:55:45:55:Infinity":12,"s:57:2:57:Infinity":13,"f:63:16:63:31":4,"b:64:2:64:Infinity:undefined:undefined:undefined:undefined":8,"s:64:2:64:Infinity":14,"s:64:19:64:Infinity":15,"s:66:12:66:Infinity":16,"s:67:16:67:Infinity":17,"s:68:12:68:Infinity":18,"s:70:2:70:Infinity":19,"f:76:16:76:31":5,"s:77:2:77:Infinity":20,"f:83:16:83:35":6,"b:84:2:84:Infinity:undefined:undefined:undefined:undefined":9,"s:84:2:84:Infinity":21,"s:84:19:84:Infinity":22,"s:86:15:86:Infinity":23,"b:86:48:86:71:86:71:86:Infinity":10,"s:87:14:87:Infinity":24,"s:88:19:88:Infinity":25,"s:89:21:89:Infinity":26,"b:91:2:91:Infinity:undefined:undefined:undefined:undefined":11,"s:91:2:91:Infinity":27,"s:91:24:91:Infinity":28,"b:92:2:92:Infinity:undefined:undefined:undefined:undefined":12,"s:92:2:92:Infinity":29,"s:92:24:92:Infinity":30,"b:93:2:93:Infinity:undefined:undefined:undefined:undefined":13,"s:93:2:93:Infinity":31,"s:93:22:93:Infinity":32,"b:94:2:97:Infinity:undefined:undefined:undefined:undefined":14,"s:94:2:97:Infinity":33,"s:95:18:95:Infinity":34,"s:96:4:96:Infinity":35,"b:96:42:96:53:96:53:96:62":15,"b:98:2:101:Infinity:undefined:undefined:undefined:undefined":16,"s:98:2:101:Infinity":36,"s:99:19:99:Infinity":37,"s:100:4:100:Infinity":38,"b:100:44:100:52:100:52:100:59":17,"s:102:16:102:Infinity":39,"s:103:2:103:Infinity":40,"b:103:40:103:48:103:48:103:54":18,"f:109:16:109:29":7,"b:110:2:110:Infinity:undefined:undefined:undefined:undefined":19,"s:110:2:110:Infinity":41,"s:110:19:110:Infinity":42,"s:112:15:112:Infinity":43,"b:112:48:112:71:112:71:112:Infinity":20,"s:113:14:113:Infinity":44,"s:114:19:114:Infinity":45,"s:115:21:115:Infinity":46,"s:117:2:117:Infinity":47}}}
}
